[INFO ] 2024-04-23 10:08:15.638 [main] LoginSteps - setup1 executed................
[INFO ] 2024-04-23 10:08:15.673 [main] LoginSteps - User lunch chrome browser
[INFO ] 2024-04-23 10:08:36.823 [main] LoginSteps - URL open
[INFO ] 2024-04-23 10:08:37.298 [main] LoginSteps - Enter email and password
[INFO ] 2024-04-23 10:10:35.344 [main] LoginSteps - Click on login button
[WARN ] 2024-04-23 10:10:44.398 [main] LoginSteps - Test passed: page title matched
[INFO ] 2024-04-23 10:10:45.613 [main] LoginSteps - If test case failed : Take the ScreenShots
[INFO ] 2024-04-23 10:10:45.759 [main] LoginSteps - Quite the browser
[INFO ] 2024-04-23 10:10:46.896 [main] LoginSteps - setup1 executed................
[INFO ] 2024-04-23 10:10:46.901 [main] LoginSteps - User lunch chrome browser
[INFO ] 2024-04-23 10:10:57.734 [main] LoginSteps - URL open
[INFO ] 2024-04-23 10:10:58.134 [main] LoginSteps - Enter email and password
[INFO ] 2024-04-23 10:12:24.377 [main] LoginSteps - Click on login button
[INFO ] 2024-04-23 10:12:27.610 [main] LoginSteps - User view Dashboard
[INFO ] 2024-04-23 10:12:27.705 [main] LoginSteps - User click on Customer Menu
[INFO ] 2024-04-23 10:12:40.230 [main] LoginSteps - User click on Customer Item
[INFO ] 2024-04-23 10:12:54.575 [main] LoginSteps - User click on Addnew Button
[INFO ] 2024-04-23 10:12:54.599 [main] LoginSteps - Test passed: New cutomer added
[INFO ] 2024-04-23 10:12:55.895 [main] LoginSteps - Customer information
[INFO ] 2024-04-23 10:15:33.769 [main] LoginSteps - setup1 executed................
[INFO ] 2024-04-23 10:15:33.848 [main] LoginSteps - User lunch chrome browser
[INFO ] 2024-04-23 10:15:39.099 [main] LoginSteps - URL open
[INFO ] 2024-04-23 10:15:39.426 [main] LoginSteps - Enter email and password
[INFO ] 2024-04-23 10:16:00.625 [main] LoginSteps - Click on login button
[WARN ] 2024-04-23 10:16:02.674 [main] LoginSteps - Test passed: page title matched
[INFO ] 2024-04-23 10:16:07.904 [main] LoginSteps - Hit on Logout link
[WARN ] 2024-04-23 10:16:07.952 [main] LoginSteps - Test passed: page title matched
[INFO ] 2024-04-23 10:16:08.067 [main] LoginSteps - Browser closed
[INFO ] 2024-04-23 10:16:08.070 [main] LoginSteps - Quite the browser
[INFO ] 2024-04-23 10:16:09.070 [main] LoginSteps - setup1 executed................
[INFO ] 2024-04-23 10:16:09.073 [main] LoginSteps - User lunch chrome browser
[INFO ] 2024-04-23 10:16:11.168 [main] LoginSteps - URL open
[INFO ] 2024-04-23 10:16:11.599 [main] LoginSteps - Enter email and password
[INFO ] 2024-04-23 10:17:13.968 [main] LoginSteps - Click on login button
[INFO ] 2024-04-23 10:17:16.204 [main] LoginSteps - User view Dashboard
[INFO ] 2024-04-23 10:17:16.274 [main] LoginSteps - User click on Customer Menu
[INFO ] 2024-04-23 10:17:31.088 [main] LoginSteps - User click on Customer Item
[INFO ] 2024-04-23 10:17:44.035 [main] LoginSteps - User click on Addnew Button
[INFO ] 2024-04-23 10:17:44.073 [main] LoginSteps - Test passed: New cutomer added
[INFO ] 2024-04-23 10:17:45.330 [main] LoginSteps - Customer information
[INFO ] 2024-04-23 10:18:02.100 [main] LoginSteps - click on Save button
[INFO ] 2024-04-23 10:18:06.129 [main] LoginSteps - Test passed: user view confirmation message
[INFO ] 2024-04-23 10:18:06.408 [main] LoginSteps - Browser closed
[INFO ] 2024-04-23 10:18:06.409 [main] LoginSteps - Quite the browser
[INFO ] 2024-04-23 10:25:34.270 [main] LoginSteps - setup1 executed................
[INFO ] 2024-04-23 10:25:34.311 [main] LoginSteps - User lunch chrome browser
[INFO ] 2024-04-23 10:25:38.119 [main] LoginSteps - URL open
[INFO ] 2024-04-23 10:25:38.403 [main] LoginSteps - Enter email and password
[INFO ] 2024-04-23 10:25:51.150 [main] LoginSteps - Click on login button
[WARN ] 2024-04-23 10:25:53.297 [main] LoginSteps - Test passed: page title matched
[INFO ] 2024-04-23 10:25:55.413 [main] LoginSteps - Hit on Logout link
[WARN ] 2024-04-23 10:25:55.462 [main] LoginSteps - Test passed: page title matched
[INFO ] 2024-04-23 10:25:55.578 [main] LoginSteps - Browser closed
[INFO ] 2024-04-23 10:25:55.581 [main] LoginSteps - Quite the browser
[INFO ] 2024-04-23 10:25:55.767 [main] LoginSteps - User lunch chrome browser
[INFO ] 2024-04-23 10:25:55.796 [main] LoginSteps - If test case failed : Take the ScreenShots
[INFO ] 2024-04-23 10:25:55.828 [main] LoginSteps - User lunch chrome browser
[INFO ] 2024-04-23 10:25:55.838 [main] LoginSteps - If test case failed : Take the ScreenShots
[INFO ] 2024-04-23 10:25:56.678 [main] LoginSteps - setup1 executed................
[INFO ] 2024-04-23 10:25:56.685 [main] LoginSteps - User lunch chrome browser
[INFO ] 2024-04-23 10:25:58.945 [main] LoginSteps - URL open
[INFO ] 2024-04-23 10:25:59.317 [main] LoginSteps - Enter email and password
[INFO ] 2024-04-23 10:26:20.504 [main] LoginSteps - Click on login button
[INFO ] 2024-04-23 10:26:22.753 [main] LoginSteps - User view Dashboard
[INFO ] 2024-04-23 10:26:22.820 [main] LoginSteps - User click on Customer Menu
[INFO ] 2024-04-23 10:27:11.596 [main] LoginSteps - User click on Customer Item
[INFO ] 2024-04-23 10:27:15.377 [main] LoginSteps - User click on Addnew Button
[INFO ] 2024-04-23 10:27:15.393 [main] LoginSteps - Test passed: New cutomer added
[INFO ] 2024-04-23 10:27:16.203 [main] LoginSteps - Customer information
[INFO ] 2024-04-23 10:27:27.541 [main] LoginSteps - click on Save button
[INFO ] 2024-04-23 10:27:28.242 [main] LoginSteps - Test passed: user view confirmation message
[INFO ] 2024-04-23 10:27:28.483 [main] LoginSteps - Browser closed
[INFO ] 2024-04-23 10:27:28.483 [main] LoginSteps - Quite the browser
[INFO ] 2024-04-23 10:27:28.601 [main] LoginSteps - User lunch chrome browser
[INFO ] 2024-04-23 10:27:28.606 [main] LoginSteps - If test case failed : Take the ScreenShots
[INFO ] 2024-04-23 10:27:28.620 [main] LoginSteps - User lunch chrome browser
[INFO ] 2024-04-23 10:27:28.625 [main] LoginSteps - If test case failed : Take the ScreenShots
[INFO ] 2024-04-23 10:27:57.008 [main] LoginSteps - setup1 executed................
[INFO ] 2024-04-23 10:27:57.039 [main] LoginSteps - User lunch chrome browser
[INFO ] 2024-04-23 10:27:59.397 [main] LoginSteps - URL open
[INFO ] 2024-04-23 10:27:59.637 [main] LoginSteps - Enter email and password
[INFO ] 2024-04-23 10:28:32.384 [main] LoginSteps - Click on login button
[WARN ] 2024-04-23 10:28:50.592 [main] LoginSteps - Test passed: page title matched
[INFO ] 2024-04-23 10:28:55.887 [main] LoginSteps - Hit on Logout link
[WARN ] 2024-04-23 10:28:55.929 [main] LoginSteps - Test passed: page title matched
[INFO ] 2024-04-23 10:28:56.093 [main] LoginSteps - Browser closed
[INFO ] 2024-04-23 10:28:56.096 [main] LoginSteps - Quite the browser
[INFO ] 2024-04-23 10:28:56.300 [main] LoginSteps - User lunch chrome browser
[INFO ] 2024-04-23 10:28:56.325 [main] LoginSteps - If test case failed : Take the ScreenShots
[INFO ] 2024-04-23 10:28:56.364 [main] LoginSteps - User lunch chrome browser
[INFO ] 2024-04-23 10:28:56.374 [main] LoginSteps - If test case failed : Take the ScreenShots
[INFO ] 2024-04-23 10:28:57.397 [main] LoginSteps - setup1 executed................
[INFO ] 2024-04-23 10:28:57.400 [main] LoginSteps - User lunch chrome browser
[INFO ] 2024-04-23 10:29:06.912 [main] LoginSteps - URL open
[INFO ] 2024-04-23 10:29:07.477 [main] LoginSteps - Enter email and password
[INFO ] 2024-04-23 10:29:31.115 [main] LoginSteps - Click on login button
[INFO ] 2024-04-23 10:29:35.170 [main] LoginSteps - User view Dashboard
[INFO ] 2024-04-23 10:29:35.329 [main] LoginSteps - User click on Customer Menu
[INFO ] 2024-04-23 10:29:43.738 [main] LoginSteps - User click on Customer Item
[INFO ] 2024-04-23 10:29:51.907 [main] LoginSteps - User click on Addnew Button
[INFO ] 2024-04-23 10:29:51.946 [main] LoginSteps - Test passed: New cutomer added
[INFO ] 2024-04-23 10:29:53.528 [main] LoginSteps - Customer information
[INFO ] 2024-04-23 10:30:04.156 [main] LoginSteps - click on Save button
[INFO ] 2024-04-23 10:30:05.069 [main] LoginSteps - Test passed: user view confirmation message
[INFO ] 2024-04-23 10:30:05.343 [main] LoginSteps - Browser closed
[INFO ] 2024-04-23 10:30:05.343 [main] LoginSteps - Quite the browser
[INFO ] 2024-04-23 10:30:05.540 [main] LoginSteps - User lunch chrome browser
[INFO ] 2024-04-23 10:30:05.549 [main] LoginSteps - If test case failed : Take the ScreenShots
[INFO ] 2024-04-23 10:30:05.579 [main] LoginSteps - User lunch chrome browser
[INFO ] 2024-04-23 10:30:05.587 [main] LoginSteps - If test case failed : Take the ScreenShots
[INFO ] 2024-04-23 11:40:46.767 [main] LoginSteps - setup1 executed................
[INFO ] 2024-04-23 11:40:46.795 [main] LoginSteps - User lunch chrome browser
[INFO ] 2024-04-23 11:40:49.591 [main] LoginSteps - URL open
[INFO ] 2024-04-23 11:40:49.857 [main] LoginSteps - Enter email and password
[INFO ] 2024-04-23 11:40:57.407 [main] LoginSteps - Click on login button
[WARN ] 2024-04-23 11:40:58.884 [main] LoginSteps - Test passed: page title matched
[INFO ] 2024-04-23 11:41:01.061 [main] LoginSteps - Hit on Logout link
[WARN ] 2024-04-23 11:41:01.109 [main] LoginSteps - Test passed: page title matched
[INFO ] 2024-04-23 11:41:01.262 [main] LoginSteps - Browser closed
[INFO ] 2024-04-23 11:41:01.265 [main] LoginSteps - Quite the browser
[INFO ] 2024-04-23 11:41:01.430 [main] LoginSteps - User lunch chrome browser
[INFO ] 2024-04-23 11:41:01.458 [main] LoginSteps - If test case failed : Take the ScreenShots
[INFO ] 2024-04-23 11:41:01.488 [main] LoginSteps - User lunch chrome browser
[INFO ] 2024-04-23 11:41:01.494 [main] LoginSteps - If test case failed : Take the ScreenShots
[INFO ] 2024-04-23 11:41:02.808 [main] LoginSteps - setup1 executed................
[INFO ] 2024-04-23 11:41:02.814 [main] LoginSteps - User lunch chrome browser
[INFO ] 2024-04-23 11:41:04.973 [main] LoginSteps - URL open
[INFO ] 2024-04-23 11:41:05.311 [main] LoginSteps - Enter email and password
[INFO ] 2024-04-23 11:41:10.223 [main] LoginSteps - Click on login button
[INFO ] 2024-04-23 11:41:18.666 [main] LoginSteps - User view Dashboard
[INFO ] 2024-04-23 11:41:18.744 [main] LoginSteps - User click on Customer Menu
[INFO ] 2024-04-23 11:41:21.376 [main] LoginSteps - User click on Customer Item
[INFO ] 2024-04-23 11:41:22.758 [main] LoginSteps - User click on Addnew Button
[INFO ] 2024-04-23 11:41:22.778 [main] LoginSteps - Test passed: New cutomer added
[INFO ] 2024-04-23 11:41:24.524 [main] LoginSteps - Customer information
[INFO ] 2024-04-23 11:41:25.776 [main] LoginSteps - click on Save button
[INFO ] 2024-04-23 11:41:26.487 [main] LoginSteps - Test passed: user view confirmation message
[INFO ] 2024-04-23 11:41:26.600 [main] LoginSteps - Browser closed
[INFO ] 2024-04-23 11:41:26.600 [main] LoginSteps - Quite the browser
[INFO ] 2024-04-23 11:41:26.677 [main] LoginSteps - User lunch chrome browser
[INFO ] 2024-04-23 11:41:26.681 [main] LoginSteps - If test case failed : Take the ScreenShots
[INFO ] 2024-04-23 11:41:26.694 [main] LoginSteps - User lunch chrome browser
[INFO ] 2024-04-23 11:41:26.697 [main] LoginSteps - If test case failed : Take the ScreenShots
[INFO ] 2024-04-23 11:53:49.198 [main] LoginSteps - setup1 executed................
[INFO ] 2024-04-23 11:53:49.233 [main] LoginSteps - User lunch chrome browser
[INFO ] 2024-04-23 11:53:52.540 [main] LoginSteps - URL open
[INFO ] 2024-04-23 11:53:52.884 [main] LoginSteps - Enter email and password
[INFO ] 2024-04-23 11:53:58.764 [main] LoginSteps - Click on login button
[WARN ] 2024-04-23 11:54:00.753 [main] LoginSteps - Test passed: page title matched
[INFO ] 2024-04-23 11:54:02.964 [main] LoginSteps - Hit on Logout link
[WARN ] 2024-04-23 11:54:03.068 [main] LoginSteps - Test passed: page title matched
[INFO ] 2024-04-23 11:54:03.287 [main] LoginSteps - Browser closed
[INFO ] 2024-04-23 11:54:03.289 [main] LoginSteps - Quite the browser
[INFO ] 2024-04-23 11:54:03.381 [main] LoginSteps - User lunch chrome browser
[INFO ] 2024-04-23 11:54:03.397 [main] LoginSteps - If test case failed : Take the ScreenShots
[INFO ] 2024-04-23 11:54:03.405 [main] LoginSteps - User lunch chrome browser
[INFO ] 2024-04-23 11:54:03.409 [main] LoginSteps - If test case failed : Take the ScreenShots
[INFO ] 2024-04-23 11:56:53.869 [main] LoginSteps - setup1 executed................
[INFO ] 2024-04-23 11:56:53.907 [main] LoginSteps - User lunch chrome browser
[INFO ] 2024-04-23 11:56:56.477 [main] LoginSteps - URL open
[INFO ] 2024-04-23 11:56:56.744 [main] LoginSteps - Enter email and password
[INFO ] 2024-04-23 11:57:01.815 [main] LoginSteps - Click on login button
[WARN ] 2024-04-23 11:57:03.194 [main] LoginSteps - Test passed: page title matched
[INFO ] 2024-04-23 11:57:05.227 [main] LoginSteps - Hit on Logout link
[WARN ] 2024-04-23 11:57:05.270 [main] LoginSteps - Test passed: page title matched
[INFO ] 2024-04-23 11:57:05.388 [main] LoginSteps - Browser closed
[INFO ] 2024-04-23 11:57:05.529 [main] LoginSteps - Quite the browser
[INFO ] 2024-04-23 11:57:05.551 [main] LoginSteps - User lunch chrome browser
[INFO ] 2024-04-23 11:57:05.581 [main] LoginSteps - If test case failed : Take the ScreenShots
[INFO ] 2024-04-23 11:57:05.603 [main] LoginSteps - User lunch chrome browser
[INFO ] 2024-04-23 11:57:05.607 [main] LoginSteps - If test case failed : Take the ScreenShots
[INFO ] 2024-04-23 11:58:08.188 [main] LoginSteps - setup1 executed................
[INFO ] 2024-04-23 11:58:08.220 [main] LoginSteps - User lunch chrome browser
[INFO ] 2024-04-23 11:58:10.614 [main] LoginSteps - URL open
[INFO ] 2024-04-23 11:58:10.870 [main] LoginSteps - Enter email and password
[INFO ] 2024-04-23 11:58:15.344 [main] LoginSteps - Click on login button
[WARN ] 2024-04-23 11:58:16.715 [main] LoginSteps - Test passed: page title matched
[INFO ] 2024-04-23 11:58:18.558 [main] LoginSteps - Hit on Logout link
[WARN ] 2024-04-23 11:58:18.598 [main] LoginSteps - Test passed: page title matched
[INFO ] 2024-04-23 11:58:18.599 [main] LoginSteps - Browser closed
[INFO ] 2024-04-23 11:58:18.858 [main] LoginSteps - Quite the browser
[INFO ] 2024-04-23 11:58:18.880 [main] LoginSteps - User lunch chrome browser
[INFO ] 2024-04-23 11:58:18.916 [main] LoginSteps - If test case failed : Take the ScreenShots
[INFO ] 2024-04-23 11:58:18.932 [main] LoginSteps - User lunch chrome browser
[INFO ] 2024-04-23 11:58:18.940 [main] LoginSteps - If test case failed : Take the ScreenShots
[INFO ] 2024-04-23 12:04:10.489 [main] LoginSteps - setup1 executed................
[INFO ] 2024-04-23 12:04:10.524 [main] LoginSteps - User lunch chrome browser
[INFO ] 2024-04-23 12:04:16.166 [main] LoginSteps - URL open
[INFO ] 2024-04-23 12:04:16.503 [main] LoginSteps - Enter email and password
[INFO ] 2024-04-23 12:04:33.074 [main] LoginSteps - Click on login button
[WARN ] 2024-04-23 12:04:34.923 [main] LoginSteps - Test passed: page title matched
[INFO ] 2024-04-23 12:04:36.982 [main] LoginSteps - Hit on Logout link
[WARN ] 2024-04-23 12:04:37.038 [main] LoginSteps - Test passed: page title matched
[INFO ] 2024-04-23 12:04:37.151 [main] LoginSteps - Browser closed
[INFO ] 2024-04-23 12:04:37.154 [main] LoginSteps - Quite the browser
[INFO ] 2024-04-23 12:04:37.171 [main] LoginSteps - User lunch chrome browser
[INFO ] 2024-04-23 12:04:37.328 [main] LoginSteps - If test case failed : Take the ScreenShots
[INFO ] 2024-04-23 12:04:37.357 [main] LoginSteps - User lunch chrome browser
[INFO ] 2024-04-23 12:04:37.373 [main] LoginSteps - If test case failed : Take the ScreenShots
[INFO ] 2024-04-23 12:08:30.928 [main] LoginSteps - setup1 executed................
[INFO ] 2024-04-23 12:08:30.976 [main] LoginSteps - User lunch chrome browser
[INFO ] 2024-04-23 12:08:33.056 [main] LoginSteps - URL open
[INFO ] 2024-04-23 12:08:33.416 [main] LoginSteps - Enter email and password
[INFO ] 2024-04-23 12:08:37.931 [main] LoginSteps - Click on login button
[INFO ] 2024-04-23 12:08:37.942 [main] LoginSteps - User view Dashboard
[INFO ] 2024-04-23 12:08:38.039 [main] LoginSteps - User click on Customer Menu
[INFO ] 2024-04-23 12:08:58.126 [main] LoginSteps - If test case failed : Take the ScreenShots
[INFO ] 2024-04-23 12:08:58.690 [main] LoginSteps - Quite the browser
[INFO ] 2024-04-23 12:08:58.700 [main] LoginSteps - User lunch chrome browser
[INFO ] 2024-04-23 12:08:59.332 [main] LoginSteps - URL open
[INFO ] 2024-04-23 12:08:59.759 [main] LoginSteps - Enter email and password
[INFO ] 2024-04-23 12:09:01.456 [main] LoginSteps - Click on login button
[INFO ] 2024-04-23 12:09:11.834 [main] LoginSteps - User view Dashboard
[INFO ] 2024-04-23 12:09:11.959 [main] LoginSteps - User click on Customer Menu
[INFO ] 2024-04-23 12:09:15.332 [main] LoginSteps - User click on Customer Item
[INFO ] 2024-04-23 12:09:16.524 [main] LoginSteps - user search by email
[INFO ] 2024-04-23 12:09:16.631 [main] LoginSteps - user click on Search Button
[INFO ] 2024-04-23 12:09:19.648 [main] LoginSteps - user found the email
[INFO ] 2024-04-23 12:09:19.934 [main] LoginSteps - If test case failed : Take the ScreenShots
[INFO ] 2024-04-23 12:09:20.146 [main] LoginSteps - Quite the browser
[INFO ] 2024-04-23 12:09:20.153 [main] LoginSteps - User lunch chrome browser
[INFO ] 2024-04-23 12:09:20.643 [main] LoginSteps - URL open
[INFO ] 2024-04-23 12:09:21.037 [main] LoginSteps - Enter email and password
[INFO ] 2024-04-23 12:09:22.599 [main] LoginSteps - Click on login button
[INFO ] 2024-04-23 12:09:24.098 [main] LoginSteps - User view Dashboard
[INFO ] 2024-04-23 12:09:24.203 [main] LoginSteps - User click on Customer Menu
[INFO ] 2024-04-23 12:09:26.063 [main] LoginSteps - User click on Customer Item
[INFO ] 2024-04-23 12:09:27.337 [main] LoginSteps - user search by FirstName
[INFO ] 2024-04-23 12:09:27.480 [main] LoginSteps - user search by LastName
[INFO ] 2024-04-23 12:09:27.556 [main] LoginSteps - user click on Search Button
[INFO ] 2024-04-23 12:09:30.565 [main] LoginSteps - user found the FirstName and LastName
[INFO ] 2024-04-23 12:09:30.970 [main] LoginSteps - If test case failed : Take the ScreenShots
[INFO ] 2024-04-23 12:09:31.177 [main] LoginSteps - Quite the browser
[INFO ] 2024-04-23 12:10:57.764 [main] LoginSteps - setup1 executed................
[INFO ] 2024-04-23 12:10:57.802 [main] LoginSteps - User lunch chrome browser
[INFO ] 2024-04-23 12:11:03.005 [main] LoginSteps - URL open
[INFO ] 2024-04-23 12:11:03.502 [main] LoginSteps - Enter email and password
[INFO ] 2024-04-23 12:11:10.874 [main] LoginSteps - Click on login button
[WARN ] 2024-04-23 12:11:12.911 [main] LoginSteps - Test passed: page title matched
[INFO ] 2024-04-23 12:11:15.657 [main] LoginSteps - Hit on Logout link
[WARN ] 2024-04-23 12:11:15.770 [main] LoginSteps - Test passed: page title matched
[INFO ] 2024-04-23 12:11:15.888 [main] LoginSteps - Browser closed
[INFO ] 2024-04-23 12:11:15.890 [main] LoginSteps - Quite the browser
[INFO ] 2024-04-23 12:11:16.727 [main] LoginSteps - setup1 executed................
[INFO ] 2024-04-23 12:11:16.729 [main] LoginSteps - User lunch chrome browser
[INFO ] 2024-04-23 12:11:17.950 [main] LoginSteps - URL open
[INFO ] 2024-04-23 12:11:18.198 [main] LoginSteps - Enter email and password
[INFO ] 2024-04-23 12:11:23.504 [main] LoginSteps - Click on login button
[INFO ] 2024-04-23 12:11:24.609 [main] LoginSteps - User view Dashboard
[INFO ] 2024-04-23 12:11:24.692 [main] LoginSteps - User click on Customer Menu
[INFO ] 2024-04-23 12:11:27.016 [main] LoginSteps - User click on Customer Item
[INFO ] 2024-04-23 12:11:29.507 [main] LoginSteps - User click on Addnew Button
[INFO ] 2024-04-23 12:11:29.526 [main] LoginSteps - Test passed: New cutomer added
[INFO ] 2024-04-23 12:11:30.245 [main] LoginSteps - Customer information
[INFO ] 2024-04-23 12:11:31.437 [main] LoginSteps - click on Save button
[INFO ] 2024-04-23 12:11:31.535 [main] LoginSteps - Test faailed: user not received confirmation message
[INFO ] 2024-04-23 12:11:31.543 [main] LoginSteps - If test case failed : Take the ScreenShots
[INFO ] 2024-04-23 12:11:31.739 [main] LoginSteps - Quite the browser
[INFO ] 2024-04-23 12:12:12.755 [main] LoginSteps - setup1 executed................
[INFO ] 2024-04-23 12:12:12.794 [main] LoginSteps - User lunch chrome browser
[INFO ] 2024-04-23 12:12:16.232 [main] LoginSteps - URL open
[INFO ] 2024-04-23 12:12:16.518 [main] LoginSteps - Enter email and password
[INFO ] 2024-04-23 12:12:24.579 [main] LoginSteps - Click on login button
[WARN ] 2024-04-23 12:12:26.678 [main] LoginSteps - Test passed: page title matched
[INFO ] 2024-04-23 12:12:28.449 [main] LoginSteps - Hit on Logout link
[WARN ] 2024-04-23 12:12:28.499 [main] LoginSteps - Test passed: page title matched
[INFO ] 2024-04-23 12:12:28.616 [main] LoginSteps - Browser closed
[INFO ] 2024-04-23 12:12:28.620 [main] LoginSteps - Quite the browser
[INFO ] 2024-04-23 12:12:29.583 [main] LoginSteps - setup1 executed................
[INFO ] 2024-04-23 12:12:29.588 [main] LoginSteps - User lunch chrome browser
[INFO ] 2024-04-23 12:12:30.626 [main] LoginSteps - URL open
[INFO ] 2024-04-23 12:12:30.961 [main] LoginSteps - Enter email and password
[INFO ] 2024-04-23 12:12:38.210 [main] LoginSteps - Click on login button
[INFO ] 2024-04-23 12:12:40.069 [main] LoginSteps - User view Dashboard
[INFO ] 2024-04-23 12:12:40.144 [main] LoginSteps - User click on Customer Menu
[INFO ] 2024-04-23 12:12:42.028 [main] LoginSteps - User click on Customer Item
[INFO ] 2024-04-23 12:12:44.003 [main] LoginSteps - User click on Addnew Button
[INFO ] 2024-04-23 12:12:44.023 [main] LoginSteps - Test passed: New cutomer added
[INFO ] 2024-04-23 12:12:45.704 [main] LoginSteps - Customer information
[INFO ] 2024-04-23 12:12:46.843 [main] LoginSteps - click on Save button
[INFO ] 2024-04-23 12:12:47.889 [main] LoginSteps - Test faailed: user not received confirmation message
[INFO ] 2024-04-23 12:12:47.895 [main] LoginSteps - If test case failed : Take the ScreenShots
[INFO ] 2024-04-23 12:12:48.052 [main] LoginSteps - Quite the browser
[INFO ] 2024-04-23 12:19:01.189 [main] LoginSteps - setup1 executed................
[INFO ] 2024-04-23 12:19:01.219 [main] LoginSteps - User lunch chrome browser
[INFO ] 2024-04-23 12:19:02.489 [main] LoginSteps - URL open
[INFO ] 2024-04-23 12:19:02.812 [main] LoginSteps - Enter email and password
[INFO ] 2024-04-23 12:19:10.505 [main] LoginSteps - Click on login button
[WARN ] 2024-04-23 12:19:12.834 [main] LoginSteps - Test passed: page title matched
[INFO ] 2024-04-23 12:19:14.861 [main] LoginSteps - Hit on Logout link
[WARN ] 2024-04-23 12:19:14.880 [main] LoginSteps - Test passed: page title matched
[INFO ] 2024-04-23 12:19:15.022 [main] LoginSteps - Browser closed
[INFO ] 2024-04-23 12:19:15.025 [main] LoginSteps - Quite the browser
[INFO ] 2024-04-23 12:19:15.993 [main] LoginSteps - setup1 executed................
[INFO ] 2024-04-23 12:19:15.996 [main] LoginSteps - User lunch chrome browser
[INFO ] 2024-04-23 12:19:17.536 [main] LoginSteps - URL open
[INFO ] 2024-04-23 12:19:17.817 [main] LoginSteps - Enter email and password
[INFO ] 2024-04-23 12:19:25.709 [main] LoginSteps - Click on login button
[INFO ] 2024-04-23 12:19:26.834 [main] LoginSteps - User view Dashboard
[INFO ] 2024-04-23 12:19:26.949 [main] LoginSteps - User click on Customer Menu
[INFO ] 2024-04-23 12:19:28.615 [main] LoginSteps - User click on Customer Item
[INFO ] 2024-04-23 12:19:30.103 [main] LoginSteps - User click on Addnew Button
[INFO ] 2024-04-23 12:19:30.133 [main] LoginSteps - Test passed: New cutomer added
[INFO ] 2024-04-23 12:19:31.503 [main] LoginSteps - Customer information
[INFO ] 2024-04-23 12:19:32.291 [main] LoginSteps - click on Save button
[INFO ] 2024-04-23 12:19:33.023 [main] LoginSteps - Test faailed: user not received confirmation message
[INFO ] 2024-04-23 12:19:33.040 [main] LoginSteps - If test case failed : Take the ScreenShots
[INFO ] 2024-04-23 12:19:33.220 [main] LoginSteps - Quite the browser
[INFO ] 2024-04-23 12:39:17.673 [main] LoginSteps - setup1 executed................
[INFO ] 2024-04-23 12:39:17.706 [main] LoginSteps - User lunch chrome browser
[INFO ] 2024-04-23 12:39:19.874 [main] LoginSteps - URL open
[INFO ] 2024-04-23 12:39:20.130 [main] LoginSteps - Enter email and password
[INFO ] 2024-04-23 12:39:23.676 [main] LoginSteps - Click on login button
[WARN ] 2024-04-23 12:39:25.676 [main] LoginSteps - Test passed: page title matched
[INFO ] 2024-04-23 12:39:28.668 [main] LoginSteps - Hit on Logout link
[WARN ] 2024-04-23 12:39:28.720 [main] LoginSteps - Test passed: page title matched
[INFO ] 2024-04-23 12:39:28.857 [main] LoginSteps - Browser closed
[INFO ] 2024-04-23 12:39:28.859 [main] LoginSteps - Quite the browser
[INFO ] 2024-04-23 12:39:29.828 [main] LoginSteps - setup1 executed................
[INFO ] 2024-04-23 12:39:29.831 [main] LoginSteps - User lunch chrome browser
[INFO ] 2024-04-23 12:39:30.838 [main] LoginSteps - URL open
[INFO ] 2024-04-23 12:39:31.183 [main] LoginSteps - Enter email and password
[INFO ] 2024-04-23 12:39:35.319 [main] LoginSteps - Click on login button
[INFO ] 2024-04-23 12:39:37.266 [main] LoginSteps - User view Dashboard
[INFO ] 2024-04-23 12:39:37.331 [main] LoginSteps - User click on Customer Menu
[INFO ] 2024-04-23 12:39:38.788 [main] LoginSteps - User click on Customer Item
[INFO ] 2024-04-23 12:39:40.473 [main] LoginSteps - User click on Addnew Button
[INFO ] 2024-04-23 12:39:40.491 [main] LoginSteps - Test passed: New cutomer added
[INFO ] 2024-04-23 12:39:41.007 [main] LoginSteps - If test case failed : Take the ScreenShots
[INFO ] 2024-04-23 12:39:41.133 [main] LoginSteps - Quite the browser
[INFO ] 2024-04-23 12:52:21.240 [main] LoginSteps - setup1 executed................
[INFO ] 2024-04-23 12:52:21.273 [main] LoginSteps - User lunch chrome browser
[INFO ] 2024-04-23 12:52:26.068 [main] LoginSteps - URL open
[INFO ] 2024-04-23 12:52:26.361 [main] LoginSteps - Enter email and password
[INFO ] 2024-04-23 12:52:37.221 [main] LoginSteps - Click on login button
[WARN ] 2024-04-23 12:52:38.779 [main] LoginSteps - Test passed: page title matched
[INFO ] 2024-04-23 12:52:40.978 [main] LoginSteps - Hit on Logout link
[WARN ] 2024-04-23 12:52:41.023 [main] LoginSteps - Test passed: page title matched
[INFO ] 2024-04-23 12:52:41.165 [main] LoginSteps - Browser closed
[INFO ] 2024-04-23 12:52:41.167 [main] LoginSteps - Quite the browser
[INFO ] 2024-04-23 12:52:42.027 [main] LoginSteps - setup1 executed................
[INFO ] 2024-04-23 12:52:42.031 [main] LoginSteps - User lunch chrome browser
[INFO ] 2024-04-23 12:52:43.769 [main] LoginSteps - URL open
[INFO ] 2024-04-23 12:52:44.048 [main] LoginSteps - Enter email and password
[INFO ] 2024-04-23 12:52:49.758 [main] LoginSteps - Click on login button
[INFO ] 2024-04-23 12:52:51.788 [main] LoginSteps - User view Dashboard
[INFO ] 2024-04-23 12:52:51.856 [main] LoginSteps - User click on Customer Menu
[INFO ] 2024-04-23 12:52:53.188 [main] LoginSteps - User click on Customer Item
[INFO ] 2024-04-23 12:52:54.691 [main] LoginSteps - User click on Addnew Button
[INFO ] 2024-04-23 12:52:54.709 [main] LoginSteps - Test passed: New cutomer added
[INFO ] 2024-04-23 12:52:55.285 [main] LoginSteps - If test case failed : Take the ScreenShots
[INFO ] 2024-04-23 12:52:55.480 [main] LoginSteps - Quite the browser
[INFO ] 2024-04-23 12:56:15.018 [main] LoginSteps - setup1 executed................
[INFO ] 2024-04-23 12:56:15.049 [main] LoginSteps - User lunch chrome browser
[INFO ] 2024-04-23 12:56:17.429 [main] LoginSteps - URL open
[INFO ] 2024-04-23 12:56:17.728 [main] LoginSteps - Enter email and password
[INFO ] 2024-04-23 12:56:21.122 [main] LoginSteps - Click on login button
[WARN ] 2024-04-23 12:56:23.684 [main] LoginSteps - Test passed: page title matched
[INFO ] 2024-04-23 12:56:25.426 [main] LoginSteps - Hit on Logout link
[WARN ] 2024-04-23 12:56:25.471 [main] LoginSteps - Test passed: page title matched
[INFO ] 2024-04-23 12:56:25.574 [main] LoginSteps - Browser closed
[INFO ] 2024-04-23 12:56:25.576 [main] LoginSteps - Quite the browser
[INFO ] 2024-04-23 12:56:26.552 [main] LoginSteps - setup1 executed................
[INFO ] 2024-04-23 12:56:26.556 [main] LoginSteps - User lunch chrome browser
[INFO ] 2024-04-23 12:56:27.928 [main] LoginSteps - URL open
[INFO ] 2024-04-23 12:56:28.212 [main] LoginSteps - Enter email and password
[INFO ] 2024-04-23 12:56:34.049 [main] LoginSteps - Click on login button
[INFO ] 2024-04-23 12:56:35.858 [main] LoginSteps - User view Dashboard
[INFO ] 2024-04-23 12:56:35.929 [main] LoginSteps - User click on Customer Menu
[INFO ] 2024-04-23 12:56:39.668 [main] LoginSteps - User click on Customer Item
[INFO ] 2024-04-23 12:56:40.970 [main] LoginSteps - User click on Addnew Button
[INFO ] 2024-04-23 12:56:40.989 [main] LoginSteps - Test passed: New cutomer added
[INFO ] 2024-04-23 12:56:42.136 [main] LoginSteps - If test case failed : Take the ScreenShots
[INFO ] 2024-04-23 12:56:42.255 [main] LoginSteps - Quite the browser
[INFO ] 2024-04-23 12:57:52.607 [main] LoginSteps - setup1 executed................
[INFO ] 2024-04-23 12:57:52.639 [main] LoginSteps - User lunch chrome browser
[INFO ] 2024-04-23 12:57:55.524 [main] LoginSteps - URL open
[INFO ] 2024-04-23 12:57:55.844 [main] LoginSteps - Enter email and password
[INFO ] 2024-04-23 12:58:01.562 [main] LoginSteps - Click on login button
[WARN ] 2024-04-23 12:58:02.585 [main] LoginSteps - Test passed: page title matched
[INFO ] 2024-04-23 12:58:04.370 [main] LoginSteps - Hit on Logout link
[WARN ] 2024-04-23 12:58:04.413 [main] LoginSteps - Test passed: page title matched
[INFO ] 2024-04-23 12:58:04.563 [main] LoginSteps - Browser closed
[INFO ] 2024-04-23 12:58:04.566 [main] LoginSteps - Quite the browser
[INFO ] 2024-04-23 12:58:05.396 [main] LoginSteps - setup1 executed................
[INFO ] 2024-04-23 12:58:05.401 [main] LoginSteps - User lunch chrome browser
[INFO ] 2024-04-23 12:58:06.344 [main] LoginSteps - URL open
[INFO ] 2024-04-23 12:58:06.704 [main] LoginSteps - Enter email and password
[INFO ] 2024-04-23 12:58:13.159 [main] LoginSteps - Click on login button
[INFO ] 2024-04-23 12:58:15.255 [main] LoginSteps - User view Dashboard
[INFO ] 2024-04-23 12:58:15.320 [main] LoginSteps - User click on Customer Menu
[INFO ] 2024-04-23 12:58:17.853 [main] LoginSteps - User click on Customer Item
[INFO ] 2024-04-23 12:58:19.287 [main] LoginSteps - User click on Addnew Button
[INFO ] 2024-04-23 12:58:19.303 [main] LoginSteps - Test passed: New cutomer added
[INFO ] 2024-04-23 12:58:19.881 [main] LoginSteps - If test case failed : Take the ScreenShots
[INFO ] 2024-04-23 12:58:19.996 [main] LoginSteps - Quite the browser
[INFO ] 2024-04-23 13:00:50.820 [main] LoginSteps - setup1 executed................
[INFO ] 2024-04-23 13:00:50.850 [main] LoginSteps - User lunch chrome browser
[INFO ] 2024-04-23 13:00:54.130 [main] LoginSteps - URL open
[INFO ] 2024-04-23 13:00:54.496 [main] LoginSteps - Enter email and password
[INFO ] 2024-04-23 13:00:57.574 [main] LoginSteps - Click on login button
[WARN ] 2024-04-23 13:00:59.498 [main] LoginSteps - Test passed: page title matched
[INFO ] 2024-04-23 13:01:01.512 [main] LoginSteps - Hit on Logout link
[WARN ] 2024-04-23 13:01:01.558 [main] LoginSteps - Test passed: page title matched
[INFO ] 2024-04-23 13:01:01.696 [main] LoginSteps - Browser closed
[INFO ] 2024-04-23 13:01:01.698 [main] LoginSteps - Quite the browser
[INFO ] 2024-04-23 13:01:02.539 [main] LoginSteps - setup1 executed................
[INFO ] 2024-04-23 13:01:02.544 [main] LoginSteps - User lunch chrome browser
[INFO ] 2024-04-23 13:01:04.347 [main] LoginSteps - URL open
[INFO ] 2024-04-23 13:01:04.676 [main] LoginSteps - Enter email and password
[INFO ] 2024-04-23 13:01:09.188 [main] LoginSteps - Click on login button
[INFO ] 2024-04-23 13:01:11.251 [main] LoginSteps - User view Dashboard
[INFO ] 2024-04-23 13:01:11.316 [main] LoginSteps - User click on Customer Menu
[INFO ] 2024-04-23 13:01:12.427 [main] LoginSteps - User click on Customer Item
[INFO ] 2024-04-23 13:01:13.839 [main] LoginSteps - User click on Addnew Button
[INFO ] 2024-04-23 13:01:13.857 [main] LoginSteps - Test passed: New cutomer added
[INFO ] 2024-04-23 13:01:35.043 [main] LoginSteps - If test case failed : Take the ScreenShots
[INFO ] 2024-04-23 13:01:35.164 [main] LoginSteps - Quite the browser
[INFO ] 2024-04-23 13:05:04.928 [main] LoginSteps - setup1 executed................
[INFO ] 2024-04-23 13:05:04.956 [main] LoginSteps - User lunch chrome browser
[INFO ] 2024-04-23 13:05:09.499 [main] LoginSteps - URL open
[INFO ] 2024-04-23 13:05:09.780 [main] LoginSteps - Enter email and password
[INFO ] 2024-04-23 13:05:24.082 [main] LoginSteps - Click on login button
[WARN ] 2024-04-23 13:05:26.040 [main] LoginSteps - Test passed: page title matched
[INFO ] 2024-04-23 13:05:28.115 [main] LoginSteps - Hit on Logout link
[WARN ] 2024-04-23 13:05:28.154 [main] LoginSteps - Test passed: page title matched
[INFO ] 2024-04-23 13:05:28.295 [main] LoginSteps - Browser closed
[INFO ] 2024-04-23 13:05:28.298 [main] LoginSteps - Quite the browser
[INFO ] 2024-04-23 13:05:29.162 [main] LoginSteps - setup1 executed................
[INFO ] 2024-04-23 13:05:29.167 [main] LoginSteps - User lunch chrome browser
[INFO ] 2024-04-23 13:05:30.876 [main] LoginSteps - URL open
[INFO ] 2024-04-23 13:05:31.262 [main] LoginSteps - Enter email and password
[INFO ] 2024-04-23 13:05:36.379 [main] LoginSteps - Click on login button
[INFO ] 2024-04-23 13:05:38.350 [main] LoginSteps - User view Dashboard
[INFO ] 2024-04-23 13:05:38.437 [main] LoginSteps - User click on Customer Menu
[INFO ] 2024-04-23 13:05:39.698 [main] LoginSteps - User click on Customer Item
[INFO ] 2024-04-23 13:05:41.114 [main] LoginSteps - User click on Addnew Button
[INFO ] 2024-04-23 13:05:41.134 [main] LoginSteps - Test passed: New cutomer added
[INFO ] 2024-04-23 13:05:41.951 [main] LoginSteps - Customer information
[INFO ] 2024-04-23 13:05:43.127 [main] LoginSteps - click on Save button
[INFO ] 2024-04-23 13:05:43.810 [main] LoginSteps - Test passed: user view confirmation message
[INFO ] 2024-04-23 13:05:43.921 [main] LoginSteps - Browser closed
[INFO ] 2024-04-23 13:05:43.922 [main] LoginSteps - Quite the browser
[INFO ] 2024-04-23 13:06:43.605 [main] LoginSteps - setup1 executed................
[INFO ] 2024-04-23 13:06:43.642 [main] LoginSteps - User lunch chrome browser
[INFO ] 2024-04-23 13:06:52.569 [main] LoginSteps - URL open
[INFO ] 2024-04-23 13:06:52.990 [main] LoginSteps - Enter email and password
[INFO ] 2024-04-23 13:07:04.160 [main] LoginSteps - Click on login button
[WARN ] 2024-04-23 13:07:05.629 [main] LoginSteps - Test passed: page title matched
[INFO ] 2024-04-23 13:07:10.205 [main] LoginSteps - Hit on Logout link
[WARN ] 2024-04-23 13:07:10.261 [main] LoginSteps - Test passed: page title matched
[INFO ] 2024-04-23 13:07:10.400 [main] LoginSteps - Browser closed
[INFO ] 2024-04-23 13:07:10.402 [main] LoginSteps - Quite the browser
[INFO ] 2024-04-23 13:07:11.342 [main] LoginSteps - setup1 executed................
[INFO ] 2024-04-23 13:07:11.348 [main] LoginSteps - User lunch chrome browser
[INFO ] 2024-04-23 13:07:13.653 [main] LoginSteps - URL open
[INFO ] 2024-04-23 13:07:13.973 [main] LoginSteps - Enter email and password
[INFO ] 2024-04-23 13:07:19.773 [main] LoginSteps - Click on login button
[INFO ] 2024-04-23 13:07:21.754 [main] LoginSteps - User view Dashboard
[INFO ] 2024-04-23 13:07:21.834 [main] LoginSteps - User click on Customer Menu
[INFO ] 2024-04-23 13:07:32.352 [main] LoginSteps - User click on Customer Item
[INFO ] 2024-04-23 13:07:33.623 [main] LoginSteps - User click on Addnew Button
[INFO ] 2024-04-23 13:07:33.651 [main] LoginSteps - Test passed: New cutomer added
[INFO ] 2024-04-23 13:07:35.047 [main] LoginSteps - Customer information
[INFO ] 2024-04-23 13:07:36.330 [main] LoginSteps - click on Save button
[INFO ] 2024-04-23 13:07:37.088 [main] LoginSteps - Test passed: user view confirmation message
[INFO ] 2024-04-23 13:07:37.205 [main] LoginSteps - Browser closed
[INFO ] 2024-04-23 13:07:37.206 [main] LoginSteps - Quite the browser
[INFO ] 2024-04-23 16:33:01.528 [main] LoginSteps - setup1 executed................
[INFO ] 2024-04-23 16:33:01.571 [main] LoginSteps - User lunch chrome browser
[INFO ] 2024-04-23 16:34:03.837 [main] LoginSteps - setup1 executed................
[INFO ] 2024-04-23 16:34:03.872 [main] LoginSteps - User lunch chrome browser
[INFO ] 2024-04-23 16:34:06.017 [main] LoginSteps - URL open
[INFO ] 2024-04-23 16:34:06.467 [main] LoginSteps - Enter email and password
[INFO ] 2024-04-23 16:34:09.125 [main] LoginSteps - Click on login button
[WARN ] 2024-04-23 16:34:10.397 [main] LoginSteps - Test passed: page title matched
[INFO ] 2024-04-23 16:34:12.514 [main] LoginSteps - Hit on Logout link
[WARN ] 2024-04-23 16:34:12.690 [main] LoginSteps - Test passed: page title matched
[INFO ] 2024-04-23 16:34:13.094 [main] LoginSteps - Browser closed
[INFO ] 2024-04-23 16:34:14.125 [main] LoginSteps - setup1 executed................
[INFO ] 2024-04-23 16:34:14.130 [main] LoginSteps - User lunch chrome browser
[INFO ] 2024-04-23 16:34:15.924 [main] LoginSteps - URL open
[INFO ] 2024-04-23 16:34:16.412 [main] LoginSteps - Enter email and password
[INFO ] 2024-04-23 16:34:19.589 [main] LoginSteps - Click on login button
[INFO ] 2024-04-23 16:34:21.079 [main] LoginSteps - User view Dashboard
[INFO ] 2024-04-23 16:34:21.251 [main] LoginSteps - User click on Customer Menu
[INFO ] 2024-04-23 16:34:22.522 [main] LoginSteps - User click on Customer Item
[INFO ] 2024-04-23 16:34:23.914 [main] LoginSteps - User click on Addnew Button
[INFO ] 2024-04-23 16:34:24.063 [main] LoginSteps - Test passed: New cutomer added
[INFO ] 2024-04-23 16:34:25.669 [main] LoginSteps - Customer information
[INFO ] 2024-04-23 16:34:26.734 [main] LoginSteps - click on Save button
[INFO ] 2024-04-23 16:34:27.399 [main] LoginSteps - Test passed: user view confirmation message
[INFO ] 2024-04-23 16:34:27.839 [main] LoginSteps - Browser closed
[INFO ] 2024-04-23 16:35:09.015 [main] LoginSteps - setup1 executed................
[INFO ] 2024-04-23 16:35:09.052 [main] LoginSteps - User lunch chrome browser
[INFO ] 2024-04-23 16:35:11.544 [main] LoginSteps - URL open
[INFO ] 2024-04-23 16:35:12.003 [main] LoginSteps - Enter email and password
[INFO ] 2024-04-23 16:35:14.463 [main] LoginSteps - Click on login button
[WARN ] 2024-04-23 16:35:16.029 [main] LoginSteps - Test passed: page title matched
[INFO ] 2024-04-23 16:35:18.668 [main] LoginSteps - Hit on Logout link
[WARN ] 2024-04-23 16:35:18.792 [main] LoginSteps - Test passed: page title matched
[INFO ] 2024-04-23 16:35:19.016 [main] LoginSteps - Browser closed
[INFO ] 2024-04-23 16:35:20.068 [main] LoginSteps - setup1 executed................
[INFO ] 2024-04-23 16:35:20.072 [main] LoginSteps - User lunch chrome browser
[INFO ] 2024-04-23 16:35:21.674 [main] LoginSteps - URL open
[INFO ] 2024-04-23 16:35:22.177 [main] LoginSteps - Enter email and password
[INFO ] 2024-04-23 16:35:25.406 [main] LoginSteps - Click on login button
[INFO ] 2024-04-23 16:35:26.697 [main] LoginSteps - User view Dashboard
[INFO ] 2024-04-23 16:35:26.833 [main] LoginSteps - User click on Customer Menu
[INFO ] 2024-04-23 16:35:27.915 [main] LoginSteps - User click on Customer Item
[INFO ] 2024-04-23 16:35:29.114 [main] LoginSteps - User click on Addnew Button
[INFO ] 2024-04-23 16:35:29.258 [main] LoginSteps - Test passed: New cutomer added
[INFO ] 2024-04-23 16:35:30.614 [main] LoginSteps - Customer information
[INFO ] 2024-04-23 16:35:31.689 [main] LoginSteps - click on Save button
[INFO ] 2024-04-23 16:35:32.393 [main] LoginSteps - Test passed: user view confirmation message
[INFO ] 2024-04-23 16:35:32.656 [main] LoginSteps - Browser closed
[INFO ] 2024-04-23 16:46:30.139 [main] LoginSteps - setup1 executed................
[INFO ] 2024-04-23 16:46:30.174 [main] LoginSteps - User lunch chrome browser
[INFO ] 2024-04-23 16:46:31.768 [main] LoginSteps - URL open
[INFO ] 2024-04-23 16:46:32.290 [main] LoginSteps - Enter email and password
[INFO ] 2024-04-23 16:46:34.835 [main] LoginSteps - Click on login button
[WARN ] 2024-04-23 16:46:36.247 [main] LoginSteps - Test passed: page title matched
[INFO ] 2024-04-23 16:46:38.777 [main] LoginSteps - Hit on Logout link
[WARN ] 2024-04-23 16:46:38.928 [main] LoginSteps - Test passed: page title matched
[INFO ] 2024-04-23 16:46:39.359 [main] LoginSteps - Browser closed
[INFO ] 2024-04-23 16:46:40.810 [main] LoginSteps - setup1 executed................
[INFO ] 2024-04-23 16:46:40.815 [main] LoginSteps - User lunch chrome browser
[INFO ] 2024-04-23 16:46:42.550 [main] LoginSteps - URL open
[INFO ] 2024-04-23 16:46:43.005 [main] LoginSteps - Enter email and password
[INFO ] 2024-04-23 16:46:46.401 [main] LoginSteps - Click on login button
[INFO ] 2024-04-23 16:46:47.774 [main] LoginSteps - User view Dashboard
[INFO ] 2024-04-23 16:46:47.969 [main] LoginSteps - User click on Customer Menu
[INFO ] 2024-04-23 16:46:49.267 [main] LoginSteps - User click on Customer Item
[INFO ] 2024-04-23 16:46:50.452 [main] LoginSteps - User click on Addnew Button
[INFO ] 2024-04-23 16:46:50.621 [main] LoginSteps - Test passed: New cutomer added
[INFO ] 2024-04-23 16:46:51.936 [main] LoginSteps - Customer information
[INFO ] 2024-04-23 16:46:53.067 [main] LoginSteps - click on Save button
[INFO ] 2024-04-23 16:46:54.032 [main] LoginSteps - Test passed: user view confirmation message
[INFO ] 2024-04-23 16:46:54.363 [main] LoginSteps - Browser closed
[INFO ] 2024-04-23 16:49:06.417 [main] LoginSteps - setup1 executed................
[INFO ] 2024-04-23 16:49:06.458 [main] LoginSteps - User lunch chrome browser
[INFO ] 2024-04-23 16:49:08.089 [main] LoginSteps - URL open
[INFO ] 2024-04-23 16:49:08.350 [main] LoginSteps - Enter email and password
[INFO ] 2024-04-23 16:49:10.631 [main] LoginSteps - Click on login button
[WARN ] 2024-04-23 16:49:11.978 [main] LoginSteps - Test passed: page title matched
[INFO ] 2024-04-23 16:49:14.974 [main] LoginSteps - Hit on Logout link
[WARN ] 2024-04-23 16:49:15.014 [main] LoginSteps - Test passed: page title matched
[INFO ] 2024-04-23 16:49:15.168 [main] LoginSteps - Browser closed
[INFO ] 2024-04-23 16:49:16.193 [main] LoginSteps - setup1 executed................
[INFO ] 2024-04-23 16:49:16.198 [main] LoginSteps - User lunch chrome browser
[INFO ] 2024-04-23 16:49:17.751 [main] LoginSteps - URL open
[INFO ] 2024-04-23 16:49:18.123 [main] LoginSteps - Enter email and password
[INFO ] 2024-04-23 16:49:21.575 [main] LoginSteps - Click on login button
[INFO ] 2024-04-23 16:49:23.068 [main] LoginSteps - User view Dashboard
[INFO ] 2024-04-23 16:49:23.135 [main] LoginSteps - User click on Customer Menu
[INFO ] 2024-04-23 16:49:24.209 [main] LoginSteps - User click on Customer Item
[INFO ] 2024-04-23 16:49:25.442 [main] LoginSteps - User click on Addnew Button
[INFO ] 2024-04-23 16:49:25.469 [main] LoginSteps - Test passed: New cutomer added
[INFO ] 2024-04-23 16:49:27.033 [main] LoginSteps - Customer information
[INFO ] 2024-04-23 16:49:28.416 [main] LoginSteps - click on Save button
[INFO ] 2024-04-23 16:49:30.062 [main] LoginSteps - Test passed: user view confirmation message
[INFO ] 2024-04-23 16:49:30.308 [main] LoginSteps - Browser closed
[INFO ] 2024-04-23 16:57:02.215 [main] LoginSteps - setup1 executed................
[INFO ] 2024-04-23 16:57:02.254 [main] LoginSteps - User lunch chrome browser
[INFO ] 2024-04-23 16:57:04.899 [main] LoginSteps - URL open
[INFO ] 2024-04-23 16:57:05.186 [main] LoginSteps - Enter email and password
[INFO ] 2024-04-23 16:57:07.709 [main] LoginSteps - Click on login button
[WARN ] 2024-04-23 16:57:09.255 [main] LoginSteps - Test passed: page title matched
[INFO ] 2024-04-23 16:57:10.785 [main] LoginSteps - User lunch chrome browser
[INFO ] 2024-04-23 16:57:11.158 [main] LoginSteps - URL open
[INFO ] 2024-04-23 16:57:11.556 [main] LoginSteps - Enter email and password
[INFO ] 2024-04-23 16:57:12.757 [main] LoginSteps - Click on login button
[WARN ] 2024-04-23 16:57:13.296 [main] LoginSteps - Test passed: page title matched
[INFO ] 2024-04-23 16:57:15.235 [main] LoginSteps - Hit on Logout link
[WARN ] 2024-04-23 16:57:15.263 [main] LoginSteps - Test passed: page title matched
[INFO ] 2024-04-23 16:57:15.408 [main] LoginSteps - Browser closed
[INFO ] 2024-04-23 16:57:15.427 [main] LoginSteps - User lunch chrome browser
[INFO ] 2024-04-23 16:57:16.704 [main] LoginSteps - setup1 executed................
[INFO ] 2024-04-23 16:57:16.709 [main] LoginSteps - User lunch chrome browser
[INFO ] 2024-04-23 16:57:17.566 [main] LoginSteps - URL open
[INFO ] 2024-04-23 16:57:17.922 [main] LoginSteps - Enter email and password
[INFO ] 2024-04-23 16:57:20.938 [main] LoginSteps - Click on login button
[INFO ] 2024-04-23 16:57:22.219 [main] LoginSteps - User view Dashboard
[INFO ] 2024-04-23 16:57:22.297 [main] LoginSteps - User click on Customer Menu
[INFO ] 2024-04-23 16:57:23.215 [main] LoginSteps - User click on Customer Item
[INFO ] 2024-04-23 16:57:24.386 [main] LoginSteps - User click on Addnew Button
[INFO ] 2024-04-23 16:57:24.405 [main] LoginSteps - Test passed: New cutomer added
[INFO ] 2024-04-23 16:57:25.723 [main] LoginSteps - Customer information
[INFO ] 2024-04-23 16:57:26.616 [main] LoginSteps - click on Save button
[INFO ] 2024-04-23 16:57:27.294 [main] LoginSteps - Test passed: user view confirmation message
[INFO ] 2024-04-23 16:57:27.518 [main] LoginSteps - Browser closed
[INFO ] 2024-04-23 16:57:27.529 [main] LoginSteps - User lunch chrome browser
[INFO ] 2024-04-23 16:57:27.601 [main] LoginSteps - User lunch chrome browser
[INFO ] 2024-04-23 16:57:56.285 [main] LoginSteps - setup1 executed................
[INFO ] 2024-04-23 16:57:56.318 [main] LoginSteps - User lunch chrome browser
[INFO ] 2024-04-23 16:57:58.039 [main] LoginSteps - URL open
[INFO ] 2024-04-23 16:57:58.349 [main] LoginSteps - Enter email and password
[INFO ] 2024-04-23 16:58:02.140 [main] LoginSteps - Click on login button
[WARN ] 2024-04-23 16:58:03.969 [main] LoginSteps - Test passed: page title matched
[INFO ] 2024-04-23 16:58:05.976 [main] LoginSteps - Hit on Logout link
[WARN ] 2024-04-23 16:58:06.035 [main] LoginSteps - Test passed: page title matched
[INFO ] 2024-04-23 16:58:06.175 [main] LoginSteps - Browser closed
[INFO ] 2024-04-23 16:58:06.214 [main] LoginSteps - User lunch chrome browser
[INFO ] 2024-04-23 16:58:06.370 [main] LoginSteps - User lunch chrome browser
[INFO ] 2024-04-23 16:58:07.299 [main] LoginSteps - setup1 executed................
[INFO ] 2024-04-23 16:58:07.304 [main] LoginSteps - User lunch chrome browser
[INFO ] 2024-04-23 16:58:09.310 [main] LoginSteps - URL open
[INFO ] 2024-04-23 16:58:09.610 [main] LoginSteps - Enter email and password
[INFO ] 2024-04-23 16:58:12.119 [main] LoginSteps - Click on login button
[INFO ] 2024-04-23 16:58:13.712 [main] LoginSteps - User view Dashboard
[INFO ] 2024-04-23 16:58:13.786 [main] LoginSteps - User click on Customer Menu
[INFO ] 2024-04-23 16:58:14.856 [main] LoginSteps - User click on Customer Item
[INFO ] 2024-04-23 16:58:16.078 [main] LoginSteps - User click on Addnew Button
[INFO ] 2024-04-23 16:58:16.087 [main] LoginSteps - Test passed: New cutomer added
[INFO ] 2024-04-23 16:58:17.471 [main] LoginSteps - Customer information
[INFO ] 2024-04-23 16:58:18.558 [main] LoginSteps - click on Save button
[INFO ] 2024-04-23 16:58:19.102 [main] LoginSteps - Test passed: user view confirmation message
[INFO ] 2024-04-23 16:58:19.343 [main] LoginSteps - Browser closed
[INFO ] 2024-04-23 16:58:19.354 [main] LoginSteps - User lunch chrome browser
[INFO ] 2024-04-23 16:58:19.423 [main] LoginSteps - User lunch chrome browser
[INFO ] 2024-04-23 17:40:20.375 [main] LoginSteps - setup1 executed................
[INFO ] 2024-04-23 17:40:20.406 [main] LoginSteps - User lunch chrome browser
[INFO ] 2024-04-23 17:40:23.380 [main] LoginSteps - URL open
[INFO ] 2024-04-23 17:40:23.661 [main] LoginSteps - Enter email and password
[INFO ] 2024-04-23 17:40:27.952 [main] LoginSteps - Click on login button
[WARN ] 2024-04-23 17:40:30.005 [main] LoginSteps - Test passed: page title matched
[INFO ] 2024-04-23 17:40:32.147 [main] LoginSteps - Hit on Logout link
[WARN ] 2024-04-23 17:40:32.186 [main] LoginSteps - Test passed: page title matched
[INFO ] 2024-04-23 17:40:32.285 [main] LoginSteps - Browser closed
[INFO ] 2024-04-23 17:40:32.309 [main] LoginSteps - User lunch chrome browser
[INFO ] 2024-04-23 17:40:32.377 [main] LoginSteps - User lunch chrome browser
[INFO ] 2024-04-23 17:40:32.413 [main] LoginSteps - User lunch chrome browser
[INFO ] 2024-04-23 17:40:32.442 [main] LoginSteps - User lunch chrome browser
[INFO ] 2024-04-23 17:41:09.009 [main] LoginSteps - setup1 executed................
[INFO ] 2024-04-23 17:41:09.065 [main] LoginSteps - User lunch chrome browser
[INFO ] 2024-04-23 17:41:10.865 [main] LoginSteps - URL open
[INFO ] 2024-04-23 17:41:11.131 [main] LoginSteps - Enter email and password
[INFO ] 2024-04-23 17:41:17.065 [main] LoginSteps - Click on login button
[WARN ] 2024-04-23 17:41:18.961 [main] LoginSteps - Test passed: page title matched
[INFO ] 2024-04-23 17:41:21.529 [main] LoginSteps - Hit on Logout link
[WARN ] 2024-04-23 17:41:21.573 [main] LoginSteps - Test passed: page title matched
[INFO ] 2024-04-23 17:41:21.678 [main] LoginSteps - Browser closed
[INFO ] 2024-04-23 17:41:22.666 [main] LoginSteps - setup1 executed................
[INFO ] 2024-04-23 17:41:22.671 [main] LoginSteps - User lunch chrome browser
[INFO ] 2024-04-23 17:41:28.238 [main] LoginSteps - URL open
[INFO ] 2024-04-23 17:41:28.556 [main] LoginSteps - Enter email and password
[INFO ] 2024-04-23 17:41:33.889 [main] LoginSteps - Click on login button
[INFO ] 2024-04-23 17:41:36.337 [main] LoginSteps - User view Dashboard
[INFO ] 2024-04-23 17:41:36.410 [main] LoginSteps - User click on Customer Menu
[INFO ] 2024-04-23 17:41:38.123 [main] LoginSteps - User click on Customer Item
[INFO ] 2024-04-23 17:41:39.520 [main] LoginSteps - User click on Addnew Button
[INFO ] 2024-04-23 17:41:39.541 [main] LoginSteps - Test passed: New cutomer added
[INFO ] 2024-04-23 17:41:40.318 [main] LoginSteps - Customer information
[INFO ] 2024-04-23 17:41:42.537 [main] LoginSteps - click on Save button
[INFO ] 2024-04-23 17:41:43.514 [main] LoginSteps - Test passed: user view confirmation message
[INFO ] 2024-04-23 17:41:43.637 [main] LoginSteps - Browser closed
[INFO ] 2024-04-23 17:44:04.764 [main] LoginSteps - setup1 executed................
[INFO ] 2024-04-23 17:44:04.798 [main] LoginSteps - User lunch chrome browser
[INFO ] 2024-04-23 17:44:07.844 [main] LoginSteps - URL open
[INFO ] 2024-04-23 17:44:08.099 [main] LoginSteps - Enter email and password
[INFO ] 2024-04-23 17:44:13.433 [main] LoginSteps - Click on login button
[WARN ] 2024-04-23 17:44:16.266 [main] LoginSteps - Test passed: page title matched
[INFO ] 2024-04-23 17:44:17.677 [main] LoginSteps - User lunch chrome browser
[INFO ] 2024-04-23 17:44:18.237 [main] LoginSteps - URL open
[INFO ] 2024-04-23 17:44:18.599 [main] LoginSteps - Enter email and password
[INFO ] 2024-04-23 17:44:20.360 [main] LoginSteps - Click on login button
[WARN ] 2024-04-23 17:44:21.897 [main] LoginSteps - Test passed: page title matched
[INFO ] 2024-04-23 17:44:23.937 [main] LoginSteps - Hit on Logout link
[WARN ] 2024-04-23 17:44:23.973 [main] LoginSteps - Test passed: page title matched
[INFO ] 2024-04-23 17:44:24.102 [main] LoginSteps - Browser closed
[INFO ] 2024-04-23 17:44:24.115 [main] LoginSteps - User lunch chrome browser
[INFO ] 2024-04-23 17:44:24.172 [main] LoginSteps - User lunch chrome browser
[INFO ] 2024-04-23 17:44:24.198 [main] LoginSteps - User lunch chrome browser
[INFO ] 2024-04-23 17:48:10.556 [main] LoginSteps - setup1 executed................
[INFO ] 2024-04-23 17:48:10.601 [main] LoginSteps - User lunch chrome browser
[INFO ] 2024-04-23 17:48:13.403 [main] LoginSteps - URL open
[INFO ] 2024-04-23 17:48:13.684 [main] LoginSteps - Enter email and password
[INFO ] 2024-04-23 17:48:16.746 [main] LoginSteps - Click on login button
[WARN ] 2024-04-23 17:48:18.604 [main] LoginSteps - Test passed: page title matched
[INFO ] 2024-04-23 17:48:19.988 [main] LoginSteps - User lunch chrome browser
[INFO ] 2024-04-23 17:48:20.468 [main] LoginSteps - URL open
[INFO ] 2024-04-23 17:48:20.904 [main] LoginSteps - Enter email and password
[INFO ] 2024-04-23 17:48:23.578 [main] LoginSteps - Click on login button
[WARN ] 2024-04-23 17:48:24.467 [main] LoginSteps - Test passed: page title matched
[INFO ] 2024-04-23 17:48:27.635 [main] LoginSteps - Hit on Logout link
[WARN ] 2024-04-23 17:48:27.671 [main] LoginSteps - Test passed: page title matched
[INFO ] 2024-04-23 17:48:27.816 [main] LoginSteps - Browser closed
[INFO ] 2024-04-23 17:48:27.834 [main] LoginSteps - User lunch chrome browser
[INFO ] 2024-04-23 17:48:27.988 [main] LoginSteps - User lunch chrome browser
[INFO ] 2024-04-23 17:48:28.044 [main] LoginSteps - User lunch chrome browser
[INFO ] 2024-04-23 17:56:06.240 [main] LoginSteps - setup1 executed................
[INFO ] 2024-04-23 17:56:06.280 [main] LoginSteps - User lunch chrome browser
[INFO ] 2024-04-23 17:56:11.209 [main] LoginSteps - URL open
[INFO ] 2024-04-23 17:56:11.795 [main] LoginSteps - Enter email and password
[INFO ] 2024-04-23 17:56:19.778 [main] LoginSteps - Click on login button
[WARN ] 2024-04-23 17:56:21.893 [main] LoginSteps - Test passed: page title matched
[INFO ] 2024-04-23 17:56:23.550 [main] LoginSteps - User lunch chrome browser
[INFO ] 2024-04-23 17:56:25.476 [main] LoginSteps - URL open
[INFO ] 2024-04-23 17:56:26.130 [main] LoginSteps - Enter email and password
[INFO ] 2024-04-23 17:56:30.956 [main] LoginSteps - Click on login button
[WARN ] 2024-04-23 17:56:33.404 [main] LoginSteps - Test passed: page title matched
[INFO ] 2024-04-23 17:56:42.204 [main] LoginSteps - Hit on Logout link
[WARN ] 2024-04-23 17:56:42.274 [main] LoginSteps - Test passed: page title matched
[INFO ] 2024-04-23 17:56:42.431 [main] LoginSteps - Browser closed
[INFO ] 2024-04-23 17:56:42.460 [main] LoginSteps - User lunch chrome browser
[INFO ] 2024-04-23 17:56:42.666 [main] LoginSteps - User lunch chrome browser
[INFO ] 2024-04-23 17:56:42.743 [main] LoginSteps - User lunch chrome browser
[INFO ] 2024-04-23 18:12:26.389 [main] LoginSteps - setup1 executed................
[INFO ] 2024-04-23 18:12:26.425 [main] LoginSteps - User lunch chrome browser
[INFO ] 2024-04-23 18:12:38.277 [main] LoginSteps - URL open
[INFO ] 2024-04-23 18:12:38.677 [main] LoginSteps - Enter email and password
[INFO ] 2024-04-23 18:12:46.357 [main] LoginSteps - Click on login button
[WARN ] 2024-04-23 18:12:48.495 [main] LoginSteps - Test passed: page title matched
[INFO ] 2024-04-23 18:12:50.385 [main] LoginSteps - Hit on Logout link
[WARN ] 2024-04-23 18:12:50.438 [main] LoginSteps - Test passed: page title matched
[INFO ] 2024-04-23 18:12:50.606 [main] LoginSteps - Browser closed
[INFO ] 2024-04-23 18:12:51.685 [main] LoginSteps - setup1 executed................
[INFO ] 2024-04-23 18:12:51.688 [main] LoginSteps - User lunch chrome browser
[INFO ] 2024-04-23 18:12:53.497 [main] LoginSteps - URL open
[INFO ] 2024-04-23 18:12:53.880 [main] LoginSteps - Enter email and password
[INFO ] 2024-04-23 18:12:59.139 [main] LoginSteps - Click on login button
[INFO ] 2024-04-23 18:13:01.349 [main] LoginSteps - User view Dashboard
[INFO ] 2024-04-23 18:13:01.452 [main] LoginSteps - User click on Customer Menu
[INFO ] 2024-04-23 18:13:03.763 [main] LoginSteps - User click on Customer Item
[INFO ] 2024-04-23 18:13:05.395 [main] LoginSteps - User click on Addnew Button
[INFO ] 2024-04-23 18:13:05.431 [main] LoginSteps - Test passed: New cutomer added
[INFO ] 2024-04-23 18:13:07.619 [main] LoginSteps - Customer information
[INFO ] 2024-04-23 18:13:08.946 [main] LoginSteps - click on Save button
[INFO ] 2024-04-23 18:13:10.270 [main] LoginSteps - Test passed: user view confirmation message
[INFO ] 2024-04-23 18:13:10.540 [main] LoginSteps - Browser closed
[INFO ] 2024-04-23 19:05:07.284 [main] LoginSteps - setup1 executed................
[INFO ] 2024-04-23 19:05:07.355 [main] LoginSteps - User lunch chrome browser
[INFO ] 2024-04-23 19:05:09.804 [main] LoginSteps - URL open
[INFO ] 2024-04-23 19:05:10.140 [main] LoginSteps - Enter email and password
[INFO ] 2024-04-23 19:05:18.724 [main] LoginSteps - Click on login button
[WARN ] 2024-04-23 19:05:21.495 [main] LoginSteps - Test passed: page title matched
[INFO ] 2024-04-23 19:05:24.128 [main] LoginSteps - Hit on Logout link
[WARN ] 2024-04-23 19:05:24.176 [main] LoginSteps - Test passed: page title matched
[INFO ] 2024-04-23 19:05:24.269 [main] LoginSteps - Browser closed
[INFO ] 2024-04-23 19:05:25.109 [main] LoginSteps - setup1 executed................
[INFO ] 2024-04-23 19:05:25.113 [main] LoginSteps - User lunch chrome browser
[INFO ] 2024-04-23 19:05:27.398 [main] LoginSteps - URL open
[INFO ] 2024-04-23 19:05:27.688 [main] LoginSteps - Enter email and password
[INFO ] 2024-04-23 19:05:33.818 [main] LoginSteps - Click on login button
[INFO ] 2024-04-23 19:05:35.628 [main] LoginSteps - User view Dashboard
[INFO ] 2024-04-23 19:05:35.737 [main] LoginSteps - User click on Customer Menu
[INFO ] 2024-04-23 19:05:36.960 [main] LoginSteps - User click on Customer Item
[INFO ] 2024-04-23 19:05:39.571 [main] LoginSteps - User click on Addnew Button
[INFO ] 2024-04-23 19:05:39.586 [main] LoginSteps - Test passed: New cutomer added
[INFO ] 2024-04-23 19:05:41.342 [main] LoginSteps - Customer information
[INFO ] 2024-04-23 19:05:42.492 [main] LoginSteps - click on Save button
[INFO ] 2024-04-23 19:05:43.281 [main] LoginSteps - Test passed: user view confirmation message
[INFO ] 2024-04-23 19:05:43.388 [main] LoginSteps - Browser closed
[INFO ] 2024-04-23 19:09:45.410 [main] LoginSteps - setup1 executed................
[INFO ] 2024-04-23 19:09:45.446 [main] LoginSteps - User lunch chrome browser
[INFO ] 2024-04-23 19:09:47.433 [main] LoginSteps - URL open
[INFO ] 2024-04-23 19:09:47.734 [main] LoginSteps - Enter email and password
[INFO ] 2024-04-23 19:09:51.556 [main] LoginSteps - Click on login button
[WARN ] 2024-04-23 19:09:51.578 [main] LoginSteps - Test passed: page title matched
[INFO ] 2024-04-23 19:09:54.259 [main] LoginSteps - Hit on Logout link
[INFO ] 2024-04-23 19:09:54.403 [main] LoginSteps - User lunch chrome browser
[INFO ] 2024-04-23 19:09:54.473 [main] LoginSteps - User lunch chrome browser
[INFO ] 2024-04-23 19:09:54.544 [main] LoginSteps - User lunch chrome browser
[INFO ] 2024-04-23 19:09:55.748 [main] LoginSteps - URL open
[INFO ] 2024-04-23 19:09:56.299 [main] LoginSteps - Enter email and password
[INFO ] 2024-04-23 19:09:58.720 [main] LoginSteps - Click on login button
[INFO ] 2024-04-23 19:10:00.201 [main] LoginSteps - User view Dashboard
[INFO ] 2024-04-23 19:10:00.372 [main] LoginSteps - User click on Customer Menu
[INFO ] 2024-04-23 19:10:02.597 [main] LoginSteps - User click on Customer Item
[INFO ] 2024-04-23 19:10:03.780 [main] LoginSteps - user search by email
[INFO ] 2024-04-23 19:10:03.971 [main] LoginSteps - user click on Search Button
[INFO ] 2024-04-23 19:10:06.984 [main] LoginSteps - user found the email
[INFO ] 2024-04-23 19:10:07.682 [main] LoginSteps - Browser closed
[INFO ] 2024-04-23 19:10:07.702 [main] LoginSteps - User lunch chrome browser
[INFO ] 2024-04-23 19:10:42.898 [main] LoginSteps - setup1 executed................
[INFO ] 2024-04-23 19:10:42.935 [main] LoginSteps - User lunch chrome browser
[INFO ] 2024-04-23 19:10:44.979 [main] LoginSteps - URL open
[INFO ] 2024-04-23 19:10:45.225 [main] LoginSteps - Enter email and password
[INFO ] 2024-04-23 19:10:48.926 [main] LoginSteps - Click on login button
[WARN ] 2024-04-23 19:10:50.330 [main] LoginSteps - Test passed: page title matched
[INFO ] 2024-04-23 19:10:52.755 [main] LoginSteps - Hit on Logout link
[WARN ] 2024-04-23 19:10:52.783 [main] LoginSteps - Test passed: page title matched
[INFO ] 2024-04-23 19:10:52.903 [main] LoginSteps - Browser closed
[INFO ] 2024-04-23 19:10:52.953 [main] LoginSteps - User lunch chrome browser
[INFO ] 2024-04-23 19:10:53.095 [main] LoginSteps - User lunch chrome browser
[INFO ] 2024-04-23 19:16:28.769 [main] LoginSteps - setup1 executed................
[INFO ] 2024-04-23 19:16:28.811 [main] LoginSteps - User lunch chrome browser
[INFO ] 2024-04-23 19:16:31.288 [main] LoginSteps - URL open
[INFO ] 2024-04-23 19:16:31.548 [main] LoginSteps - Enter email and password
[INFO ] 2024-04-23 19:16:40.346 [main] LoginSteps - Click on login button
[WARN ] 2024-04-23 19:16:42.869 [main] LoginSteps - Test passed: page title matched
[INFO ] 2024-04-23 19:16:45.405 [main] LoginSteps - Hit on Logout link
[WARN ] 2024-04-23 19:16:45.457 [main] LoginSteps - Test passed: page title matched
[INFO ] 2024-04-23 19:16:45.644 [main] LoginSteps - Browser closed
[INFO ] 2024-04-23 19:16:45.702 [main] LoginSteps - User lunch chrome browser
[INFO ] 2024-04-23 19:16:45.861 [main] LoginSteps - User lunch chrome browser
[INFO ] 2024-04-23 19:22:38.046 [main] LoginSteps - setup1 executed................
[INFO ] 2024-04-23 19:22:38.085 [main] LoginSteps - User lunch chrome browser
[INFO ] 2024-04-23 19:22:51.353 [main] LoginSteps - URL open
[INFO ] 2024-04-23 19:22:51.751 [main] LoginSteps - Enter email and password
[INFO ] 2024-04-23 19:23:00.342 [main] LoginSteps - Click on login button
[WARN ] 2024-04-23 19:23:02.397 [main] LoginSteps - Test passed: page title matched
[INFO ] 2024-04-23 19:23:05.722 [main] LoginSteps - Hit on Logout link
[WARN ] 2024-04-23 19:23:05.768 [main] LoginSteps - Test passed: page title matched
[INFO ] 2024-04-23 19:23:05.911 [main] LoginSteps - Browser closed
[INFO ] 2024-04-23 19:23:05.964 [main] LoginSteps - User lunch chrome browser
[INFO ] 2024-04-23 19:23:06.147 [main] LoginSteps - User lunch chrome browser
[INFO ] 2024-04-23 19:23:48.181 [main] LoginSteps - setup1 executed................
[INFO ] 2024-04-23 19:23:48.218 [main] LoginSteps - User lunch chrome browser
[INFO ] 2024-04-23 19:23:50.979 [main] LoginSteps - URL open
[INFO ] 2024-04-23 19:23:51.299 [main] LoginSteps - Enter email and password
[INFO ] 2024-04-23 19:23:59.600 [main] LoginSteps - Click on login button
[WARN ] 2024-04-23 19:24:01.081 [main] LoginSteps - Test passed: page title matched
[INFO ] 2024-04-23 19:24:02.508 [main] LoginSteps - User lunch chrome browser
[INFO ] 2024-04-23 19:24:03.031 [main] LoginSteps - URL open
[INFO ] 2024-04-23 19:24:03.497 [main] LoginSteps - Enter email and password
[INFO ] 2024-04-23 19:24:06.736 [main] LoginSteps - Click on login button
[WARN ] 2024-04-23 19:24:09.869 [main] LoginSteps - Test passed: page title matched
[INFO ] 2024-04-23 19:24:12.731 [main] LoginSteps - Hit on Logout link
[WARN ] 2024-04-23 19:24:12.759 [main] LoginSteps - Test passed: page title matched
[INFO ] 2024-04-23 19:24:12.904 [main] LoginSteps - Browser closed
[INFO ] 2024-04-23 19:24:12.927 [main] LoginSteps - User lunch chrome browser
[INFO ] 2024-04-23 19:38:31.751 [main] LoginSteps - setup1 executed................
[INFO ] 2024-04-23 19:38:31.776 [main] LoginSteps - User lunch chrome browser
[INFO ] 2024-04-23 19:38:33.952 [main] LoginSteps - URL open
[INFO ] 2024-04-23 19:38:34.215 [main] LoginSteps - Enter email and password
[INFO ] 2024-04-23 19:38:38.949 [main] LoginSteps - Click on login button
[WARN ] 2024-04-23 19:38:38.959 [main] LoginSteps - Test passed: page title matched
[INFO ] 2024-04-23 19:38:42.675 [main] LoginSteps - Hit on Logout link
[WARN ] 2024-04-23 19:38:42.696 [main] LoginSteps - Test passed: page title matched
[INFO ] 2024-04-23 19:38:42.834 [main] LoginSteps - Browser closed
[INFO ] 2024-04-23 19:38:42.858 [main] LoginSteps - User lunch chrome browser
[INFO ] 2024-04-23 19:38:42.935 [main] LoginSteps - User lunch chrome browser
[INFO ] 2024-04-23 19:44:08.110 [main] LoginSteps - setup1 executed................
[INFO ] 2024-04-23 19:44:08.146 [main] LoginSteps - User lunch chrome browser
[INFO ] 2024-04-23 19:44:10.133 [main] LoginSteps - URL open
[INFO ] 2024-04-23 19:44:10.420 [main] LoginSteps - Enter email and password
[INFO ] 2024-04-23 19:44:16.820 [main] LoginSteps - Click on login button
[WARN ] 2024-04-23 19:44:18.799 [main] LoginSteps - Test passed: page title matched
[INFO ] 2024-04-23 19:44:20.153 [main] LoginSteps - User lunch chrome browser
[INFO ] 2024-04-23 19:44:21.325 [main] LoginSteps - URL open
[INFO ] 2024-04-23 19:44:21.707 [main] LoginSteps - Enter email and password
[INFO ] 2024-04-23 19:44:23.481 [main] LoginSteps - Click on login button
[WARN ] 2024-04-23 19:44:29.904 [main] LoginSteps - Test passed: page title matched
[INFO ] 2024-04-23 19:44:32.865 [main] LoginSteps - Hit on Logout link
[WARN ] 2024-04-23 19:44:32.884 [main] LoginSteps - Test passed: page title matched
[INFO ] 2024-04-23 19:44:33.034 [main] LoginSteps - Browser closed
[INFO ] 2024-04-23 19:44:33.242 [main] LoginSteps - User lunch chrome browser
[INFO ] 2024-04-23 19:46:09.064 [main] LoginSteps - setup1 executed................
[INFO ] 2024-04-23 19:46:09.088 [main] LoginSteps - User lunch chrome browser
[INFO ] 2024-04-23 19:46:11.172 [main] LoginSteps - URL open
[INFO ] 2024-04-23 19:46:11.520 [main] LoginSteps - Enter email and password
[INFO ] 2024-04-23 19:46:16.793 [main] LoginSteps - Click on login button
[WARN ] 2024-04-23 19:46:18.775 [main] LoginSteps - Test passed: page title matched
[INFO ] 2024-04-23 19:46:20.169 [main] LoginSteps - User lunch chrome browser
[INFO ] 2024-04-23 19:46:20.773 [main] LoginSteps - URL open
[INFO ] 2024-04-23 19:46:21.170 [main] LoginSteps - Enter email and password
[INFO ] 2024-04-23 19:46:23.477 [main] LoginSteps - Click on login button
[WARN ] 2024-04-23 19:46:25.286 [main] LoginSteps - Test passed: page title matched
[INFO ] 2024-04-23 19:46:27.405 [main] LoginSteps - Hit on Logout link
[WARN ] 2024-04-23 19:46:27.462 [main] LoginSteps - Test passed: page title matched
[INFO ] 2024-04-23 19:47:35.594 [main] LoginSteps - setup1 executed................
[INFO ] 2024-04-23 19:47:35.618 [main] LoginSteps - User lunch chrome browser
[INFO ] 2024-04-23 19:47:38.087 [main] LoginSteps - URL open
[INFO ] 2024-04-23 19:47:38.387 [main] LoginSteps - Enter email and password
[INFO ] 2024-04-23 19:47:45.734 [main] LoginSteps - Click on login button
[INFO ] 2024-04-23 19:47:47.671 [main] LoginSteps - User view Dashboard
[INFO ] 2024-04-23 19:47:47.778 [main] LoginSteps - User click on Customer Menu
[INFO ] 2024-04-23 19:47:52.420 [main] LoginSteps - User click on Customer Item
[INFO ] 2024-04-23 19:47:54.384 [main] LoginSteps - User click on Addnew Button
[INFO ] 2024-04-23 19:47:54.399 [main] LoginSteps - Test passed: New cutomer added
[INFO ] 2024-04-23 19:47:56.239 [main] LoginSteps - Customer information
[INFO ] 2024-04-23 19:48:05.898 [main] LoginSteps - click on Save button
[INFO ] 2024-04-23 19:48:08.409 [main] LoginSteps - Test passed: user view confirmation message
[INFO ] 2024-04-23 19:48:08.721 [main] LoginSteps - Browser closed
[INFO ] 2024-04-23 19:48:08.864 [main] LoginSteps - User lunch chrome browser
[INFO ] 2024-04-23 19:48:08.895 [main] LoginSteps - User lunch chrome browser
[INFO ] 2024-04-23 20:01:30.343 [main] LoginSteps - setup1 executed................
[INFO ] 2024-04-23 20:01:30.375 [main] LoginSteps - User lunch chrome browser
[INFO ] 2024-04-23 20:01:33.422 [main] LoginSteps - URL open
[INFO ] 2024-04-23 20:01:33.713 [main] LoginSteps - Enter email and password
[INFO ] 2024-04-23 20:01:38.533 [main] LoginSteps - Click on login button
[INFO ] 2024-04-23 20:01:40.336 [main] LoginSteps - User view Dashboard
[INFO ] 2024-04-23 20:01:40.437 [main] LoginSteps - User click on Customer Menu
[INFO ] 2024-04-23 20:01:41.812 [main] LoginSteps - User click on Customer Item
[INFO ] 2024-04-23 20:01:45.815 [main] LoginSteps - User click on Addnew Button
[INFO ] 2024-04-23 20:01:45.840 [main] LoginSteps - Test passed: New cutomer added
[INFO ] 2024-04-23 20:01:48.744 [main] LoginSteps - Customer information
[INFO ] 2024-04-23 20:01:51.557 [main] LoginSteps - click on Save button
[INFO ] 2024-04-23 20:01:53.699 [main] LoginSteps - Test passed: user view confirmation message
[INFO ] 2024-04-23 20:01:53.930 [main] LoginSteps - Browser closed
[INFO ] 2024-04-23 20:01:53.932 [main] LoginSteps - Quite the browser
[INFO ] 2024-04-23 20:01:54.135 [main] LoginSteps - User lunch chrome browser
[INFO ] 2024-04-23 20:01:54.196 [main] LoginSteps - If test case failed : Take the ScreenShots
[INFO ] 2024-04-23 20:01:54.244 [main] LoginSteps - User lunch chrome browser
[INFO ] 2024-04-23 20:01:54.276 [main] LoginSteps - If test case failed : Take the ScreenShots
[INFO ] 2024-04-23 20:05:59.955 [main] LoginSteps - setup1 executed................
[INFO ] 2024-04-23 20:06:00.000 [main] LoginSteps - User lunch chrome browser
[INFO ] 2024-04-23 20:06:03.176 [main] LoginSteps - URL open
[INFO ] 2024-04-23 20:06:03.526 [main] LoginSteps - Enter email and password
[INFO ] 2024-04-23 20:06:21.508 [main] LoginSteps - Click on login button
[INFO ] 2024-04-23 20:06:25.481 [main] LoginSteps - User view Dashboard
[INFO ] 2024-04-23 20:06:25.568 [main] LoginSteps - User click on Customer Menu
[INFO ] 2024-04-23 20:06:42.328 [main] LoginSteps - User click on Customer Item
[INFO ] 2024-04-23 20:06:51.482 [main] LoginSteps - User click on Addnew Button
[INFO ] 2024-04-23 20:06:51.504 [main] LoginSteps - Test passed: New cutomer added
[INFO ] 2024-04-23 20:06:57.332 [main] LoginSteps - Customer information
[INFO ] 2024-04-23 20:06:59.423 [main] LoginSteps - click on Save button
[INFO ] 2024-04-23 20:07:00.460 [main] LoginSteps - Test passed: user view confirmation message
[INFO ] 2024-04-23 20:07:00.717 [main] LoginSteps - Browser closed
[INFO ] 2024-04-23 20:07:00.719 [main] LoginSteps - Quite the browser
[INFO ] 2024-04-23 20:07:00.937 [main] LoginSteps - User lunch chrome browser
[INFO ] 2024-04-23 20:07:00.994 [main] LoginSteps - If test case failed : Take the ScreenShots
[INFO ] 2024-04-23 20:07:01.023 [main] LoginSteps - User lunch chrome browser
[INFO ] 2024-04-23 20:07:01.038 [main] LoginSteps - If test case failed : Take the ScreenShots
[INFO ] 2024-04-23 20:16:44.228 [main] LoginSteps - setup1 executed................
[INFO ] 2024-04-23 20:16:44.263 [main] LoginSteps - User lunch chrome browser
[INFO ] 2024-04-23 20:16:56.662 [main] LoginSteps - URL open
[INFO ] 2024-04-23 20:16:57.118 [main] LoginSteps - Enter email and password
[INFO ] 2024-04-23 20:17:07.703 [main] LoginSteps - Click on login button
[WARN ] 2024-04-23 20:17:09.533 [main] LoginSteps - Test passed: page title matched
[INFO ] 2024-04-23 20:17:52.647 [main] LoginSteps - setup1 executed................
[INFO ] 2024-04-23 20:17:52.676 [main] LoginSteps - User lunch chrome browser
[INFO ] 2024-04-23 20:17:59.502 [main] LoginSteps - URL open
[INFO ] 2024-04-23 20:17:59.869 [main] LoginSteps - Enter email and password
[INFO ] 2024-04-23 20:18:17.025 [main] LoginSteps - Click on login button
[WARN ] 2024-04-23 20:18:22.364 [main] LoginSteps - Test passed: page title matched
[INFO ] 2024-04-23 20:18:23.931 [main] LoginSteps - If test case failed : Take the ScreenShots
[INFO ] 2024-04-23 20:18:24.379 [main] LoginSteps - Quite the browser
[INFO ] 2024-04-23 20:18:24.688 [main] LoginSteps - User lunch chrome browser
[INFO ] 2024-04-23 20:18:24.710 [main] LoginSteps - If test case failed : Take the ScreenShots
[INFO ] 2024-04-23 20:18:24.742 [main] LoginSteps - User lunch chrome browser
[INFO ] 2024-04-23 20:18:24.760 [main] LoginSteps - If test case failed : Take the ScreenShots
[INFO ] 2024-04-23 20:18:25.833 [main] LoginSteps - setup1 executed................
[INFO ] 2024-04-23 20:18:25.835 [main] LoginSteps - User lunch chrome browser
[INFO ] 2024-04-23 20:18:35.236 [main] LoginSteps - URL open
[INFO ] 2024-04-23 20:18:35.755 [main] LoginSteps - Enter email and password
[INFO ] 2024-04-23 20:18:53.807 [main] LoginSteps - Click on login button
[INFO ] 2024-04-23 20:18:55.550 [main] LoginSteps - User view Dashboard
[INFO ] 2024-04-23 20:18:55.636 [main] LoginSteps - User click on Customer Menu
[INFO ] 2024-04-23 20:18:59.231 [main] LoginSteps - User click on Customer Item
[INFO ] 2024-04-23 20:19:01.653 [main] LoginSteps - User click on Addnew Button
[INFO ] 2024-04-23 20:19:01.671 [main] LoginSteps - Test passed: New cutomer added
[INFO ] 2024-04-23 20:19:03.581 [main] LoginSteps - Customer information
[INFO ] 2024-04-23 20:19:05.228 [main] LoginSteps - click on Save button
[INFO ] 2024-04-23 20:19:06.487 [main] LoginSteps - Test passed: user view confirmation message
[INFO ] 2024-04-23 20:19:06.768 [main] LoginSteps - Browser closed
[INFO ] 2024-04-23 20:19:06.770 [main] LoginSteps - Quite the browser
[INFO ] 2024-04-23 20:19:06.951 [main] LoginSteps - User lunch chrome browser
[INFO ] 2024-04-23 20:19:06.961 [main] LoginSteps - If test case failed : Take the ScreenShots
[INFO ] 2024-04-23 20:19:06.980 [main] LoginSteps - User lunch chrome browser
[INFO ] 2024-04-23 20:19:06.989 [main] LoginSteps - If test case failed : Take the ScreenShots
[INFO ] 2024-04-23 20:21:28.287 [main] LoginSteps - setup1 executed................
[INFO ] 2024-04-23 20:21:28.323 [main] LoginSteps - User lunch chrome browser
[INFO ] 2024-04-23 20:21:30.495 [main] LoginSteps - URL open
[INFO ] 2024-04-23 20:21:30.794 [main] LoginSteps - Enter email and password
[INFO ] 2024-04-23 20:21:40.096 [main] LoginSteps - Click on login button
[WARN ] 2024-04-23 20:21:41.329 [main] LoginSteps - Test passed: page title matched
[INFO ] 2024-04-23 20:21:42.748 [main] LoginSteps - User lunch chrome browser
[INFO ] 2024-04-23 20:21:43.301 [main] LoginSteps - URL open
[INFO ] 2024-04-23 20:21:43.814 [main] LoginSteps - Enter email and password
[INFO ] 2024-04-23 20:21:53.657 [main] LoginSteps - Click on login button
[WARN ] 2024-04-23 20:22:01.333 [main] LoginSteps - Test passed: page title matched
[INFO ] 2024-04-23 20:22:02.928 [main] LoginSteps - User lunch chrome browser
[INFO ] 2024-04-23 20:22:06.544 [main] LoginSteps - URL open
[INFO ] 2024-04-23 20:22:07.046 [main] LoginSteps - Enter email and password
[INFO ] 2024-04-23 20:22:33.175 [main] LoginSteps - setup1 executed................
[INFO ] 2024-04-23 20:22:33.202 [main] LoginSteps - User lunch chrome browser
[INFO ] 2024-04-23 20:22:35.126 [main] LoginSteps - URL open
[INFO ] 2024-04-23 20:22:35.401 [main] LoginSteps - Enter email and password
[INFO ] 2024-04-23 20:22:42.823 [main] LoginSteps - Click on login button
[WARN ] 2024-04-23 20:22:45.209 [main] LoginSteps - Test passed: page title matched
[INFO ] 2024-04-23 20:22:47.613 [main] LoginSteps - Hit on Logout link
[WARN ] 2024-04-23 20:22:47.644 [main] LoginSteps - Test passed: page title matched
[INFO ] 2024-04-23 20:22:47.785 [main] LoginSteps - Browser closed
[INFO ] 2024-04-23 20:22:47.834 [main] LoginSteps - User lunch chrome browser
[INFO ] 2024-04-23 20:22:47.977 [main] LoginSteps - User lunch chrome browser
[INFO ] 2024-04-23 20:22:48.846 [main] LoginSteps - setup1 executed................
[INFO ] 2024-04-23 20:22:48.849 [main] LoginSteps - User lunch chrome browser
[INFO ] 2024-04-23 20:22:50.947 [main] LoginSteps - URL open
[INFO ] 2024-04-23 20:22:51.356 [main] LoginSteps - Enter email and password
[INFO ] 2024-04-23 20:22:56.112 [main] LoginSteps - Click on login button
[INFO ] 2024-04-23 20:22:58.040 [main] LoginSteps - User view Dashboard
[INFO ] 2024-04-23 20:22:58.112 [main] LoginSteps - User click on Customer Menu
[INFO ] 2024-04-23 20:22:59.910 [main] LoginSteps - User click on Customer Item
[INFO ] 2024-04-23 20:23:01.868 [main] LoginSteps - User click on Addnew Button
[INFO ] 2024-04-23 20:23:01.889 [main] LoginSteps - Test passed: New cutomer added
[INFO ] 2024-04-23 20:23:03.639 [main] LoginSteps - Customer information
[INFO ] 2024-04-23 20:23:06.099 [main] LoginSteps - click on Save button
[INFO ] 2024-04-23 20:23:07.234 [main] LoginSteps - Test passed: user view confirmation message
[INFO ] 2024-04-23 20:23:07.379 [main] LoginSteps - Browser closed
[INFO ] 2024-04-23 20:23:07.391 [main] LoginSteps - User lunch chrome browser
[INFO ] 2024-04-23 20:23:07.448 [main] LoginSteps - User lunch chrome browser
[INFO ] 2024-04-23 20:25:43.307 [main] LoginSteps - setup1 executed................
[INFO ] 2024-04-23 20:26:02.537 [main] LoginSteps - Browser closed
[INFO ] 2024-04-23 20:27:11.548 [main] LoginSteps - Browser closed
[INFO ] 2024-04-23 20:27:12.393 [main] LoginSteps - setup1 executed................
[INFO ] 2024-04-23 20:27:54.750 [main] LoginSteps - User view Dashboard
[INFO ] 2024-04-23 20:27:54.829 [main] LoginSteps - User click on Customer Menu
[INFO ] 2024-04-23 20:28:09.894 [main] LoginSteps - User click on Customer Item
[INFO ] 2024-04-23 20:28:37.200 [main] LoginSteps - User click on Addnew Button
[INFO ] 2024-04-23 20:28:37.223 [main] LoginSteps - Test passed: New cutomer added
[INFO ] 2024-04-23 20:28:39.318 [main] LoginSteps - Customer information
[INFO ] 2024-04-23 20:28:40.324 [main] LoginSteps - click on Save button
[INFO ] 2024-04-23 20:28:41.012 [main] LoginSteps - Test passed: user view confirmation message
[INFO ] 2024-04-23 20:28:41.127 [main] LoginSteps - Browser closed
[INFO ] 2024-04-23 20:28:52.123 [main] LoginSteps - User view Dashboard
[INFO ] 2024-04-23 20:28:52.206 [main] LoginSteps - User click on Customer Menu
[INFO ] 2024-04-23 20:28:53.150 [main] LoginSteps - User click on Customer Item
[INFO ] 2024-04-23 20:28:54.950 [main] LoginSteps - user search by email
[INFO ] 2024-04-23 20:28:55.037 [main] LoginSteps - user click on Search Button
[INFO ] 2024-04-23 20:28:58.044 [main] LoginSteps - user found the email
[INFO ] 2024-04-23 20:28:58.487 [main] LoginSteps - Browser closed
[INFO ] 2024-04-23 20:29:27.251 [main] LoginSteps - User view Dashboard
[INFO ] 2024-04-23 20:29:27.327 [main] LoginSteps - User click on Customer Menu
[INFO ] 2024-04-23 20:29:28.253 [main] LoginSteps - User click on Customer Item
[INFO ] 2024-04-23 20:29:28.978 [main] LoginSteps - user search by FirstName
[INFO ] 2024-04-23 20:29:29.161 [main] LoginSteps - user search by LastName
[INFO ] 2024-04-23 20:29:29.245 [main] LoginSteps - user click on Search Button
[INFO ] 2024-04-23 20:29:32.249 [main] LoginSteps - user found the FirstName and LastName
[INFO ] 2024-04-23 20:29:32.870 [main] LoginSteps - Browser closed
[INFO ] 2024-04-23 20:34:36.560 [main] LoginSteps - setup1 executed................
[INFO ] 2024-04-23 20:36:41.145 [main] LoginSteps - setup1 executed................
[INFO ] 2024-04-23 20:37:44.637 [main] LoginSteps - setup1 executed................
[INFO ] 2024-04-23 20:37:58.314 [main] LoginSteps - Browser closed
[INFO ] 2024-04-23 20:38:25.025 [main] LoginSteps - setup1 executed................
[INFO ] 2024-04-23 20:38:47.449 [main] LoginSteps - User view Dashboard
[INFO ] 2024-04-23 20:38:47.515 [main] LoginSteps - User click on Customer Menu
[INFO ] 2024-04-23 20:38:52.342 [main] LoginSteps - User click on Customer Item
[INFO ] 2024-04-23 20:38:54.857 [main] LoginSteps - User click on Addnew Button
[INFO ] 2024-04-23 20:38:54.878 [main] LoginSteps - Test passed: New cutomer added
[INFO ] 2024-04-23 20:38:56.256 [main] LoginSteps - Customer information
[INFO ] 2024-04-23 20:38:58.305 [main] LoginSteps - click on Save button
[INFO ] 2024-04-23 20:39:00.124 [main] LoginSteps - Test passed: user view confirmation message
[INFO ] 2024-04-23 20:39:00.228 [main] LoginSteps - Browser closed
[INFO ] 2024-04-23 20:39:26.225 [main] LoginSteps - User view Dashboard
[INFO ] 2024-04-23 20:39:26.301 [main] LoginSteps - User click on Customer Menu
[INFO ] 2024-04-23 20:39:30.814 [main] LoginSteps - User click on Customer Item
[INFO ] 2024-04-23 20:39:39.998 [main] LoginSteps - user search by email
[INFO ] 2024-04-23 20:39:40.051 [main] LoginSteps - user click on Search Button
[INFO ] 2024-04-23 20:39:43.056 [main] LoginSteps - user found the email
[INFO ] 2024-04-23 20:39:43.463 [main] LoginSteps - Browser closed
[INFO ] 2024-04-23 20:39:51.987 [main] LoginSteps - User view Dashboard
[INFO ] 2024-04-23 20:39:52.053 [main] LoginSteps - User click on Customer Menu
[INFO ] 2024-04-23 20:39:53.209 [main] LoginSteps - User click on Customer Item
[INFO ] 2024-04-23 20:39:54.493 [main] LoginSteps - user search by FirstName
[INFO ] 2024-04-23 20:39:54.577 [main] LoginSteps - user search by LastName
[INFO ] 2024-04-23 20:39:54.624 [main] LoginSteps - user click on Search Button
[INFO ] 2024-04-23 20:39:57.632 [main] LoginSteps - user found the FirstName and LastName
[INFO ] 2024-04-23 20:39:58.043 [main] LoginSteps - Browser closed
[INFO ] 2024-04-23 20:48:38.552 [main] LoginSteps - setup1 executed................
[INFO ] 2024-04-23 20:49:38.076 [main] LoginSteps - Browser closed
[INFO ] 2024-04-23 20:49:38.758 [main] LoginSteps - setup1 executed................
[INFO ] 2024-04-23 20:49:49.554 [main] LoginSteps - User view Dashboard
[INFO ] 2024-04-23 20:49:49.628 [main] LoginSteps - User click on Customer Menu
[INFO ] 2024-04-23 20:49:53.878 [main] LoginSteps - User click on Customer Item
[INFO ] 2024-04-23 20:49:55.720 [main] LoginSteps - User click on Addnew Button
[INFO ] 2024-04-23 20:49:55.736 [main] LoginSteps - Test passed: New cutomer added
[INFO ] 2024-04-23 20:49:56.406 [main] LoginSteps - Customer information
[INFO ] 2024-04-23 20:50:00.581 [main] LoginSteps - click on Save button
[INFO ] 2024-04-23 20:50:05.670 [main] LoginSteps - Test passed: user view confirmation message
[INFO ] 2024-04-23 20:50:05.773 [main] LoginSteps - Browser closed
[INFO ] 2024-04-23 20:50:23.635 [main] LoginSteps - User view Dashboard
[INFO ] 2024-04-23 20:50:23.707 [main] LoginSteps - User click on Customer Menu
[INFO ] 2024-04-23 20:50:25.270 [main] LoginSteps - User click on Customer Item
[INFO ] 2024-04-23 20:50:26.117 [main] LoginSteps - user search by email
[INFO ] 2024-04-23 20:50:26.155 [main] LoginSteps - user click on Search Button
[INFO ] 2024-04-23 20:50:29.161 [main] LoginSteps - user found the email
[INFO ] 2024-04-23 20:51:24.009 [main] LoginSteps - setup1 executed................
[INFO ] 2024-04-23 20:51:41.283 [main] LoginSteps - Browser closed
[INFO ] 2024-04-23 20:52:24.967 [main] LoginSteps - Browser closed
[INFO ] 2024-04-23 20:52:25.735 [main] LoginSteps - setup1 executed................
[INFO ] 2024-04-23 20:52:38.945 [main] LoginSteps - User view Dashboard
[INFO ] 2024-04-23 20:52:39.024 [main] LoginSteps - User click on Customer Menu
[INFO ] 2024-04-23 20:52:42.042 [main] LoginSteps - User click on Customer Item
[INFO ] 2024-04-23 20:52:43.939 [main] LoginSteps - User click on Addnew Button
[INFO ] 2024-04-23 20:52:43.953 [main] LoginSteps - Test passed: New cutomer added
[INFO ] 2024-04-23 20:52:45.265 [main] LoginSteps - Customer information
[INFO ] 2024-04-23 20:52:47.055 [main] LoginSteps - click on Save button
[INFO ] 2024-04-23 20:52:48.126 [main] LoginSteps - Test passed: user view confirmation message
[INFO ] 2024-04-23 20:52:48.229 [main] LoginSteps - Browser closed
[INFO ] 2024-04-23 20:53:05.110 [main] LoginSteps - User view Dashboard
[INFO ] 2024-04-23 20:53:05.163 [main] LoginSteps - User click on Customer Menu
[INFO ] 2024-04-23 20:53:09.199 [main] LoginSteps - User click on Customer Item
[INFO ] 2024-04-23 20:53:10.835 [main] LoginSteps - user search by email
[INFO ] 2024-04-23 20:53:10.874 [main] LoginSteps - user click on Search Button
[INFO ] 2024-04-23 20:53:13.883 [main] LoginSteps - user found the email
[INFO ] 2024-04-23 20:53:32.358 [main] LoginSteps - User view Dashboard
[INFO ] 2024-04-23 20:53:32.417 [main] LoginSteps - User click on Customer Menu
[INFO ] 2024-04-23 20:53:34.997 [main] LoginSteps - User click on Customer Item
[INFO ] 2024-04-23 20:53:35.851 [main] LoginSteps - user search by FirstName
[INFO ] 2024-04-23 20:53:35.935 [main] LoginSteps - user search by LastName
[INFO ] 2024-04-23 20:53:35.986 [main] LoginSteps - user click on Search Button
[INFO ] 2024-04-23 20:53:38.992 [main] LoginSteps - user found the FirstName and LastName
